[+] Containers:
 |- [+] Container: /Game/TestausTaso/Testaus
 |   |- [+] ActorDescs:
 |   |   |- Guid:17D7EF6745C10AC67307F298EFBD88FE BaseClass: NativeClass:/Script/Engine.StaticMeshActor Name:StaticMeshActor_UAID_902E1691980112A401_1705315516 Label:Plane SpatiallyLoaded:1 Bounds:IsValid=true, Min=(X=-6905.000 Y=670.556 Z=-7809.000), Max=(X=5095.000 Y=1029.444 Z=-7809.000) RuntimeGrid:None EditorOnly:0 RuntimeOnly:0 HLODRelevant:1
 |   |   |- Guid:244E17BB4EF97CC1788C168CCBF5AAF3 BaseClass:/Game/Enemies/BP_Enemy1.BP_Enemy1_C NativeClass:/Script/Paper2D.PaperCharacter Name:BP_Enemy1_C_UAID_902E16919801FDB001_1879744558 Label:BP_Enemy2 SpatiallyLoaded:0 Bounds:IsValid=true, Min=(X=3740.657 Y=955.000 Z=-7874.546), Max=(X=3790.500 Y=1027.000 Z=-7703.454) RuntimeGrid:None EditorOnly:0 RuntimeOnly:0 HLODRelevant:0
 |   |   |- Guid:2A77225048D5ACA778B6529CF560E98E BaseClass:/Game/Enemies/BP_Enemy1.BP_Enemy1_C NativeClass:/Script/Paper2D.PaperCharacter Name:BP_Enemy1_C_UAID_902E16919801FDB001_1887100559 Label:BP_Enemy3 SpatiallyLoaded:0 Bounds:IsValid=true, Min=(X=3741.657 Y=860.000 Z=-7874.546), Max=(X=3791.500 Y=932.000 Z=-7703.454) RuntimeGrid:None EditorOnly:0 RuntimeOnly:0 HLODRelevant:0
 |   |   |- Guid:2D5C727B464A4B8EED6AF7831116B10E BaseClass: NativeClass:/Script/Engine.DirectionalLight Name:DirectionalLight_UAID_902E16919801F2B001_1594163607 Label:DirectionalLight SpatiallyLoaded:0 Bounds:IsValid=true, Min=(X=-4398046511104.000 Y=-4398046511104.000 Z=-4398046511104.000), Max=(X=4398046511104.000 Y=4398046511104.000 Z=4398046511104.000) RuntimeGrid:None EditorOnly:0 RuntimeOnly:0 HLODRelevant:0 FolderPath:Lighting FolderGuid:27DDF48F481B2EC0EA814B9FEEBFA08E
 |   |   |- Guid:36C4FE9A4CBD3CD6C95291BE81AEF873 BaseClass: NativeClass:/Script/Engine.BlockingVolume Name:BlockingVolume_UAID_902E16919801A0B101_2023573271 Label:BlockingVolume5 SpatiallyLoaded:1 Bounds:IsValid=true, Min=(X=-5920.000 Y=882.000 Z=-7809.000), Max=(X=-5916.000 Y=1132.000 Z=-7509.000) RuntimeGrid:None EditorOnly:0 RuntimeOnly:0 HLODRelevant:0
 |   |   |- Guid:39028573442F4238F10DF29C3AFABB0E BaseClass: NativeClass:/Script/NavigationSystem.RecastNavMesh Name:RecastNavMesh_UAID_902E16919801E8A601-Default Label:RecastNavMesh-Default SpatiallyLoaded:0 Bounds:IsValid=true, Min=(X=0.000 Y=0.000 Z=0.000), Max=(X=0.000 Y=0.000 Z=0.000) RuntimeGrid:None EditorOnly:0 RuntimeOnly:0 HLODRelevant:0
 |   |   |- Guid:3F150D2842076D2043DA73BDA43216F4 BaseClass:/Game/Enemies/BP_Enemy1.BP_Enemy1_C NativeClass:/Script/Paper2D.PaperCharacter Name:BP_Enemy1_C_UAID_902E16919801FDB001_1896341561 Label:BP_Enemy5 SpatiallyLoaded:0 Bounds:IsValid=true, Min=(X=3619.657 Y=858.000 Z=-7862.546), Max=(X=3669.500 Y=930.000 Z=-7691.454) RuntimeGrid:None EditorOnly:0 RuntimeOnly:0 HLODRelevant:0
 |   |   |- Guid:5368FABB47D6D9580DAECA8B0417BF92 BaseClass: NativeClass:/Script/Engine.WorldDataLayers Name:WorldDataLayers Label:WorldDataLayers-1 SpatiallyLoaded:0 Bounds:IsValid=true, Min=(X=0.000 Y=0.000 Z=0.000), Max=(X=0.000 Y=0.000 Z=0.000) RuntimeGrid:None EditorOnly:0 RuntimeOnly:0 HLODRelevant:0
 |   |   |- Guid:5841C094415C84DA6E1960B75D129FAD BaseClass: NativeClass:/Script/Engine.BlockingVolume Name:BlockingVolume_UAID_902E169198011DAF01_2023337066 Label:BlockingVolume SpatiallyLoaded:1 Bounds:IsValid=true, Min=(X=4136.000 Y=881.000 Z=-7809.000), Max=(X=4140.000 Y=1131.000 Z=-7509.000) RuntimeGrid:None EditorOnly:0 RuntimeOnly:0 HLODRelevant:0
 |   |   |- Guid:5B6F98B44664226B67BC02BCB447D06C BaseClass: NativeClass:/Script/Paper2D.PaperTileMapActor Name:PaperTileMapActor_UAID_902E1691980192D801_1525522957 Label:Slums1 SpatiallyLoaded:1 Bounds:IsValid=true, Min=(X=3015.000 Y=-314.000 Z=-7817.000), Max=(X=4695.000 Y=1046.000 Z=-7801.000) RuntimeGrid:None EditorOnly:0 RuntimeOnly:0 HLODRelevant:0
 |   |   |- Guid:5B764A0D4DE92E88FC77F3975333874F BaseClass:/Game/Enemies/BP_FirstBoss.BP_FirstBoss_C NativeClass:/Script/Paper2D.PaperCharacter Name:BP_FirstBoss_C_UAID_902E1691980198BA01_1851804328 Label:BP_FirstBoss SpatiallyLoaded:0 Bounds:IsValid=true, Min=(X=3743.063 Y=934.600 Z=-7866.673), Max=(X=3897.300 Y=1040.800 Z=-7711.327) RuntimeGrid:None EditorOnly:0 RuntimeOnly:0 HLODRelevant:0
 |   |   |- Guid:60B207674F7FA6C41F2116AA5D2F98D8 BaseClass:/Game/Enemies/BP_Enemy1.BP_Enemy1_C NativeClass:/Script/Paper2D.PaperCharacter Name:BP_Enemy1_C_UAID_902E1691980197B101_1856072652 Label:BP_Enemy11 SpatiallyLoaded:0 Bounds:IsValid=true, Min=(X=3267.657 Y=945.000 Z=-7874.546), Max=(X=3317.500 Y=1017.000 Z=-7703.454) RuntimeGrid:None EditorOnly:0 RuntimeOnly:0 HLODRelevant:0
 |   |   |- Guid:6F75B9934D530ADA539967BFD6B3D1BB BaseClass:/Game/Enemies/BP_Enemy2.BP_Enemy2_C NativeClass:/Script/Paper2D.PaperCharacter Name:BP_Enemy2_C_UAID_902E1691980197B101_1312734648 Label:BP_Enemy7 SpatiallyLoaded:0 Bounds:IsValid=true, Min=(X=3146.000 Y=954.400 Z=-7819.000), Max=(X=3226.700 Y=1021.600 Z=-7759.000) RuntimeGrid:None EditorOnly:0 RuntimeOnly:0 HLODRelevant:0
 |   |   |- Guid:73C588C94592C94E1A8982AFF2C9BAF6 BaseClass:/Game/Enemies/BP_Enemy1.BP_Enemy1_C NativeClass:/Script/Paper2D.PaperCharacter Name:BP_Enemy1_C_UAID_902E16919801FDB001_1891628560 Label:BP_Enemy4 SpatiallyLoaded:0 Bounds:IsValid=true, Min=(X=3618.657 Y=955.000 Z=-7862.546), Max=(X=3668.500 Y=1027.000 Z=-7691.454) RuntimeGrid:None EditorOnly:0 RuntimeOnly:0 HLODRelevant:0
 |   |   |- Guid:7CAB04CC414A194356D805AF72F63AC5 BaseClass: NativeClass:/Script/Engine.BlockingVolume Name:BlockingVolume_UAID_902E1691980160AA01_1698749575 Label:BlockingVolume2 SpatiallyLoaded:1 Bounds:IsValid=true, Min=(X=-10853.000 Y=861.000 Z=-7809.000), Max=(X=9147.000 Y=865.000 Z=-7659.000) RuntimeGrid:None EditorOnly:0 RuntimeOnly:0 HLODRelevant:0
 |   |   |- Guid:7F0F25C8458810EE9EFB36AEF8420CD9 BaseClass:/Game/Enemies/BP_Enemy4.BP_Enemy4_C NativeClass:/Script/Paper2D.PaperCharacter Name:BP_Enemy4_C_UAID_902E169198019DB101_1912944712 Label:BP_Enemy9 SpatiallyLoaded:0 Bounds:IsValid=true, Min=(X=1893.000 Y=928.400 Z=-7819.000), Max=(X=1973.700 Y=995.600 Z=-7759.000) RuntimeGrid:None EditorOnly:0 RuntimeOnly:0 HLODRelevant:0
 |   |   |- Guid:8B80445E47DB24F5CA03638A996849CD BaseClass:/Game/TestausHahmo/BP_Character.BP_Character_C NativeClass:/Script/Paper2D.PaperCharacter Name:BP_Character_C_UAID_902E1691980138A201_1079428087 Label:BP_Character SpatiallyLoaded:1 Bounds:IsValid=true, Min=(X=4074.200 Y=878.300 Z=-7872.925), Max=(X=4285.078 Y=956.300 Z=-7705.275) RuntimeGrid:None EditorOnly:0 RuntimeOnly:0 HLODRelevant:0
 |   |   |- Guid:A9A279874EF721DE2C78FCA4CA382594 BaseClass: NativeClass:/Script/NavigationSystem.NavMeshBoundsVolume Name:NavMeshBoundsVolume_UAID_902E16919801E8A601_1224383288 Label:NavMeshBoundsVolume SpatiallyLoaded:0 Bounds:IsValid=true, Min=(X=-6056.010 Y=173.191 Z=-8334.000), Max=(X=4193.990 Y=1423.191 Z=-7284.000) RuntimeGrid:None EditorOnly:0 RuntimeOnly:0 HLODRelevant:0
 |   |   |- Guid:AC03B3DB4D16A5B0424C9BA793735515 BaseClass:/Game/Enemies/BP_Enemy2.BP_Enemy2_C NativeClass:/Script/Paper2D.PaperCharacter Name:BP_Enemy2_C_UAID_902E1691980197B101_1281114647 Label:BP_Enemy6 SpatiallyLoaded:0 Bounds:IsValid=true, Min=(X=3296.000 Y=857.400 Z=-7819.000), Max=(X=3376.700 Y=924.600 Z=-7759.000) RuntimeGrid:None EditorOnly:0 RuntimeOnly:0 HLODRelevant:0
 |   |   |- Guid:B45C802740FDA0C22FB5BDA73D922A91 BaseClass:/Game/Enemies/BP_Enemy1.BP_Enemy1_C NativeClass:/Script/Paper2D.PaperCharacter Name:BP_Enemy1_C_UAID_902E1691980197B101_1860330653 Label:BP_Enemy12 SpatiallyLoaded:0 Bounds:IsValid=true, Min=(X=2794.657 Y=862.000 Z=-7874.546), Max=(X=2844.500 Y=934.000 Z=-7703.454) RuntimeGrid:None EditorOnly:0 RuntimeOnly:0 HLODRelevant:0
 |   |   |- Guid:B603194A4D0E9AC615843EA0A99BD577 BaseClass:/Game/Enemies/BP_Enemy2.BP_Enemy2_C NativeClass:/Script/Paper2D.PaperCharacter Name:BP_Enemy2_C_UAID_902E1691980197B101_1317692649 Label:BP_Enemy8 SpatiallyLoaded:0 Bounds:IsValid=true, Min=(X=2952.000 Y=907.400 Z=-7819.000), Max=(X=3032.700 Y=974.600 Z=-7759.000) RuntimeGrid:None EditorOnly:0 RuntimeOnly:0 HLODRelevant:0
 |   |   |- Guid:B76AD3C345A388C83EA651A742AE3F08 BaseClass:/Game/Enemies/BP_Enemy1.BP_Enemy1_C NativeClass:/Script/Paper2D.PaperCharacter Name:BP_Enemy1_C_UAID_902E169198011DAF01_1948172065 Label:BP_Enemy1 SpatiallyLoaded:0 Bounds:IsValid=true, Min=(X=3840.657 Y=889.000 Z=-7874.546), Max=(X=3890.500 Y=961.000 Z=-7703.454) RuntimeGrid:None EditorOnly:0 RuntimeOnly:0 HLODRelevant:0
 |   |   |- Guid:CC9EB3C849672EF1F1C6FE99816406FD BaseClass: NativeClass:/Script/Paper2D.PaperSpriteActor Name:PaperSpriteActor_UAID_902E169198018ED801_2067774249 Label:Sky3_Sprite SpatiallyLoaded:1 Bounds:IsValid=true, Min=(X=-427.032 Y=1043.235 Z=-7815.493), Max=(X=4691.032 Y=1434.765 Z=-7802.507) RuntimeGrid:None EditorOnly:0 RuntimeOnly:0 HLODRelevant:0
 |   |   |- Guid:D339225841CD1DF8A1B8458376D0E27D BaseClass:/Game/TestausHahmo/BP_Camera.BP_Camera_C NativeClass:/Script/Engine.Actor Name:BP_Camera_C_UAID_902E16919801D7C301_2110055920 Label:BP_Camera SpatiallyLoaded:1 Bounds:IsValid=true, Min=(X=3965.000 Y=943.000 Z=-7607.000), Max=(X=4125.000 Y=1103.000 Z=-7367.000) RuntimeGrid:None EditorOnly:0 RuntimeOnly:0 HLODRelevant:0
 |   |   |- Guid:E2E322184E2197B7ED9F0BBEAEB8CA03 BaseClass: NativeClass:/Script/Engine.BlockingVolume Name:BlockingVolume_UAID_902E169198018CAD01_1613961493 Label:BlockingVolume4 SpatiallyLoaded:1 Bounds:IsValid=true, Min=(X=-10852.000 Y=1053.000 Z=-7809.000), Max=(X=9148.000 Y=1057.000 Z=-7659.000) RuntimeGrid:None EditorOnly:0 RuntimeOnly:0 HLODRelevant:0
 |   |   |- Guid:FC1DBAC24F252FBB70951B893267B164 BaseClass:/Game/Enemies/BP_Enemy2.BP_Enemy2_C NativeClass:/Script/Paper2D.PaperCharacter Name:BP_Enemy2_C_UAID_902E1691980197B101_1844385651 Label:BP_Enemy10 SpatiallyLoaded:0 Bounds:IsValid=true, Min=(X=2795.000 Y=957.400 Z=-7819.000), Max=(X=2875.700 Y=1024.600 Z=-7759.000) RuntimeGrid:None EditorOnly:0 RuntimeOnly:0 HLODRelevant:0
 |   |- [+] Clusters:
 |   |   |- [+] [  0]
 |   |   |   |- Guid:36C4FE9A4CBD3CD6C95291BE81AEF873 BaseClass: NativeClass:/Script/Engine.BlockingVolume Name:BlockingVolume_UAID_902E16919801A0B101_2023573271 Label:BlockingVolume5 SpatiallyLoaded:1 Bounds:IsValid=true, Min=(X=-5920.000 Y=882.000 Z=-7809.000), Max=(X=-5916.000 Y=1132.000 Z=-7509.000) RuntimeGrid:None EditorOnly:0 RuntimeOnly:0 HLODRelevant:0
 |   |   |- [+] [  1]
 |   |   |   |- Guid:73C588C94592C94E1A8982AFF2C9BAF6 BaseClass:/Game/Enemies/BP_Enemy1.BP_Enemy1_C NativeClass:/Script/Paper2D.PaperCharacter Name:BP_Enemy1_C_UAID_902E16919801FDB001_1891628560 Label:BP_Enemy4 SpatiallyLoaded:0 Bounds:IsValid=true, Min=(X=3618.657 Y=955.000 Z=-7862.546), Max=(X=3668.500 Y=1027.000 Z=-7691.454) RuntimeGrid:None EditorOnly:0 RuntimeOnly:0 HLODRelevant:0
 |   |   |- [+] [  2]
 |   |   |   |- Guid:FC1DBAC24F252FBB70951B893267B164 BaseClass:/Game/Enemies/BP_Enemy2.BP_Enemy2_C NativeClass:/Script/Paper2D.PaperCharacter Name:BP_Enemy2_C_UAID_902E1691980197B101_1844385651 Label:BP_Enemy10 SpatiallyLoaded:0 Bounds:IsValid=true, Min=(X=2795.000 Y=957.400 Z=-7819.000), Max=(X=2875.700 Y=1024.600 Z=-7759.000) RuntimeGrid:None EditorOnly:0 RuntimeOnly:0 HLODRelevant:0
 |   |   |- [+] [  3]
 |   |   |   |- Guid:D339225841CD1DF8A1B8458376D0E27D BaseClass:/Game/TestausHahmo/BP_Camera.BP_Camera_C NativeClass:/Script/Engine.Actor Name:BP_Camera_C_UAID_902E16919801D7C301_2110055920 Label:BP_Camera SpatiallyLoaded:1 Bounds:IsValid=true, Min=(X=3965.000 Y=943.000 Z=-7607.000), Max=(X=4125.000 Y=1103.000 Z=-7367.000) RuntimeGrid:None EditorOnly:0 RuntimeOnly:0 HLODRelevant:0
 |   |   |- [+] [  4]
 |   |   |   |- Guid:A9A279874EF721DE2C78FCA4CA382594 BaseClass: NativeClass:/Script/NavigationSystem.NavMeshBoundsVolume Name:NavMeshBoundsVolume_UAID_902E16919801E8A601_1224383288 Label:NavMeshBoundsVolume SpatiallyLoaded:0 Bounds:IsValid=true, Min=(X=-6056.010 Y=173.191 Z=-8334.000), Max=(X=4193.990 Y=1423.191 Z=-7284.000) RuntimeGrid:None EditorOnly:0 RuntimeOnly:0 HLODRelevant:0
 |   |   |- [+] [  5]
 |   |   |   |- Guid:5841C094415C84DA6E1960B75D129FAD BaseClass: NativeClass:/Script/Engine.BlockingVolume Name:BlockingVolume_UAID_902E169198011DAF01_2023337066 Label:BlockingVolume SpatiallyLoaded:1 Bounds:IsValid=true, Min=(X=4136.000 Y=881.000 Z=-7809.000), Max=(X=4140.000 Y=1131.000 Z=-7509.000) RuntimeGrid:None EditorOnly:0 RuntimeOnly:0 HLODRelevant:0
 |   |   |- [+] [  6]
 |   |   |   |- Guid:B45C802740FDA0C22FB5BDA73D922A91 BaseClass:/Game/Enemies/BP_Enemy1.BP_Enemy1_C NativeClass:/Script/Paper2D.PaperCharacter Name:BP_Enemy1_C_UAID_902E1691980197B101_1860330653 Label:BP_Enemy12 SpatiallyLoaded:0 Bounds:IsValid=true, Min=(X=2794.657 Y=862.000 Z=-7874.546), Max=(X=2844.500 Y=934.000 Z=-7703.454) RuntimeGrid:None EditorOnly:0 RuntimeOnly:0 HLODRelevant:0
 |   |   |- [+] [  7]
 |   |   |   |- Guid:244E17BB4EF97CC1788C168CCBF5AAF3 BaseClass:/Game/Enemies/BP_Enemy1.BP_Enemy1_C NativeClass:/Script/Paper2D.PaperCharacter Name:BP_Enemy1_C_UAID_902E16919801FDB001_1879744558 Label:BP_Enemy2 SpatiallyLoaded:0 Bounds:IsValid=true, Min=(X=3740.657 Y=955.000 Z=-7874.546), Max=(X=3790.500 Y=1027.000 Z=-7703.454) RuntimeGrid:None EditorOnly:0 RuntimeOnly:0 HLODRelevant:0
 |   |   |- [+] [  8]
 |   |   |   |- Guid:5368FABB47D6D9580DAECA8B0417BF92 BaseClass: NativeClass:/Script/Engine.WorldDataLayers Name:WorldDataLayers Label:WorldDataLayers-1 SpatiallyLoaded:0 Bounds:IsValid=true, Min=(X=0.000 Y=0.000 Z=0.000), Max=(X=0.000 Y=0.000 Z=0.000) RuntimeGrid:None EditorOnly:0 RuntimeOnly:0 HLODRelevant:0
 |   |   |- [+] [  9]
 |   |   |   |- Guid:AC03B3DB4D16A5B0424C9BA793735515 BaseClass:/Game/Enemies/BP_Enemy2.BP_Enemy2_C NativeClass:/Script/Paper2D.PaperCharacter Name:BP_Enemy2_C_UAID_902E1691980197B101_1281114647 Label:BP_Enemy6 SpatiallyLoaded:0 Bounds:IsValid=true, Min=(X=3296.000 Y=857.400 Z=-7819.000), Max=(X=3376.700 Y=924.600 Z=-7759.000) RuntimeGrid:None EditorOnly:0 RuntimeOnly:0 HLODRelevant:0
 |   |   |- [+] [ 10]
 |   |   |   |- Guid:3F150D2842076D2043DA73BDA43216F4 BaseClass:/Game/Enemies/BP_Enemy1.BP_Enemy1_C NativeClass:/Script/Paper2D.PaperCharacter Name:BP_Enemy1_C_UAID_902E16919801FDB001_1896341561 Label:BP_Enemy5 SpatiallyLoaded:0 Bounds:IsValid=true, Min=(X=3619.657 Y=858.000 Z=-7862.546), Max=(X=3669.500 Y=930.000 Z=-7691.454) RuntimeGrid:None EditorOnly:0 RuntimeOnly:0 HLODRelevant:0
 |   |   |- [+] [ 11]
 |   |   |   |- Guid:2A77225048D5ACA778B6529CF560E98E BaseClass:/Game/Enemies/BP_Enemy1.BP_Enemy1_C NativeClass:/Script/Paper2D.PaperCharacter Name:BP_Enemy1_C_UAID_902E16919801FDB001_1887100559 Label:BP_Enemy3 SpatiallyLoaded:0 Bounds:IsValid=true, Min=(X=3741.657 Y=860.000 Z=-7874.546), Max=(X=3791.500 Y=932.000 Z=-7703.454) RuntimeGrid:None EditorOnly:0 RuntimeOnly:0 HLODRelevant:0
 |   |   |- [+] [ 12]
 |   |   |   |- Guid:6F75B9934D530ADA539967BFD6B3D1BB BaseClass:/Game/Enemies/BP_Enemy2.BP_Enemy2_C NativeClass:/Script/Paper2D.PaperCharacter Name:BP_Enemy2_C_UAID_902E1691980197B101_1312734648 Label:BP_Enemy7 SpatiallyLoaded:0 Bounds:IsValid=true, Min=(X=3146.000 Y=954.400 Z=-7819.000), Max=(X=3226.700 Y=1021.600 Z=-7759.000) RuntimeGrid:None EditorOnly:0 RuntimeOnly:0 HLODRelevant:0
 |   |   |- [+] [ 13]
 |   |   |   |- Guid:7CAB04CC414A194356D805AF72F63AC5 BaseClass: NativeClass:/Script/Engine.BlockingVolume Name:BlockingVolume_UAID_902E1691980160AA01_1698749575 Label:BlockingVolume2 SpatiallyLoaded:1 Bounds:IsValid=true, Min=(X=-10853.000 Y=861.000 Z=-7809.000), Max=(X=9147.000 Y=865.000 Z=-7659.000) RuntimeGrid:None EditorOnly:0 RuntimeOnly:0 HLODRelevant:0
 |   |   |- [+] [ 14]
 |   |   |   |- Guid:5B764A0D4DE92E88FC77F3975333874F BaseClass:/Game/Enemies/BP_FirstBoss.BP_FirstBoss_C NativeClass:/Script/Paper2D.PaperCharacter Name:BP_FirstBoss_C_UAID_902E1691980198BA01_1851804328 Label:BP_FirstBoss SpatiallyLoaded:0 Bounds:IsValid=true, Min=(X=3743.063 Y=934.600 Z=-7866.673), Max=(X=3897.300 Y=1040.800 Z=-7711.327) RuntimeGrid:None EditorOnly:0 RuntimeOnly:0 HLODRelevant:0
 |   |   |- [+] [ 15]
 |   |   |   |- Guid:B76AD3C345A388C83EA651A742AE3F08 BaseClass:/Game/Enemies/BP_Enemy1.BP_Enemy1_C NativeClass:/Script/Paper2D.PaperCharacter Name:BP_Enemy1_C_UAID_902E169198011DAF01_1948172065 Label:BP_Enemy1 SpatiallyLoaded:0 Bounds:IsValid=true, Min=(X=3840.657 Y=889.000 Z=-7874.546), Max=(X=3890.500 Y=961.000 Z=-7703.454) RuntimeGrid:None EditorOnly:0 RuntimeOnly:0 HLODRelevant:0
 |   |   |- [+] [ 16]
 |   |   |   |- Guid:2D5C727B464A4B8EED6AF7831116B10E BaseClass: NativeClass:/Script/Engine.DirectionalLight Name:DirectionalLight_UAID_902E16919801F2B001_1594163607 Label:DirectionalLight SpatiallyLoaded:0 Bounds:IsValid=true, Min=(X=-4398046511104.000 Y=-4398046511104.000 Z=-4398046511104.000), Max=(X=4398046511104.000 Y=4398046511104.000 Z=4398046511104.000) RuntimeGrid:None EditorOnly:0 RuntimeOnly:0 HLODRelevant:0 FolderPath:Lighting FolderGuid:27DDF48F481B2EC0EA814B9FEEBFA08E
 |   |   |- [+] [ 17]
 |   |   |   |- Guid:E2E322184E2197B7ED9F0BBEAEB8CA03 BaseClass: NativeClass:/Script/Engine.BlockingVolume Name:BlockingVolume_UAID_902E169198018CAD01_1613961493 Label:BlockingVolume4 SpatiallyLoaded:1 Bounds:IsValid=true, Min=(X=-10852.000 Y=1053.000 Z=-7809.000), Max=(X=9148.000 Y=1057.000 Z=-7659.000) RuntimeGrid:None EditorOnly:0 RuntimeOnly:0 HLODRelevant:0
 |   |   |- [+] [ 18]
 |   |   |   |- Guid:17D7EF6745C10AC67307F298EFBD88FE BaseClass: NativeClass:/Script/Engine.StaticMeshActor Name:StaticMeshActor_UAID_902E1691980112A401_1705315516 Label:Plane SpatiallyLoaded:1 Bounds:IsValid=true, Min=(X=-6905.000 Y=670.556 Z=-7809.000), Max=(X=5095.000 Y=1029.444 Z=-7809.000) RuntimeGrid:None EditorOnly:0 RuntimeOnly:0 HLODRelevant:1
 |   |   |- [+] [ 19]
 |   |   |   |- Guid:7F0F25C8458810EE9EFB36AEF8420CD9 BaseClass:/Game/Enemies/BP_Enemy4.BP_Enemy4_C NativeClass:/Script/Paper2D.PaperCharacter Name:BP_Enemy4_C_UAID_902E169198019DB101_1912944712 Label:BP_Enemy9 SpatiallyLoaded:0 Bounds:IsValid=true, Min=(X=1893.000 Y=928.400 Z=-7819.000), Max=(X=1973.700 Y=995.600 Z=-7759.000) RuntimeGrid:None EditorOnly:0 RuntimeOnly:0 HLODRelevant:0
 |   |   |- [+] [ 20]
 |   |   |   |- Guid:39028573442F4238F10DF29C3AFABB0E BaseClass: NativeClass:/Script/NavigationSystem.RecastNavMesh Name:RecastNavMesh_UAID_902E16919801E8A601-Default Label:RecastNavMesh-Default SpatiallyLoaded:0 Bounds:IsValid=true, Min=(X=0.000 Y=0.000 Z=0.000), Max=(X=0.000 Y=0.000 Z=0.000) RuntimeGrid:None EditorOnly:0 RuntimeOnly:0 HLODRelevant:0
 |   |   |- [+] [ 21]
 |   |   |   |- Guid:8B80445E47DB24F5CA03638A996849CD BaseClass:/Game/TestausHahmo/BP_Character.BP_Character_C NativeClass:/Script/Paper2D.PaperCharacter Name:BP_Character_C_UAID_902E1691980138A201_1079428087 Label:BP_Character SpatiallyLoaded:1 Bounds:IsValid=true, Min=(X=4074.200 Y=878.300 Z=-7872.925), Max=(X=4285.078 Y=956.300 Z=-7705.275) RuntimeGrid:None EditorOnly:0 RuntimeOnly:0 HLODRelevant:0
 |   |   |- [+] [ 22]
 |   |   |   |- Guid:60B207674F7FA6C41F2116AA5D2F98D8 BaseClass:/Game/Enemies/BP_Enemy1.BP_Enemy1_C NativeClass:/Script/Paper2D.PaperCharacter Name:BP_Enemy1_C_UAID_902E1691980197B101_1856072652 Label:BP_Enemy11 SpatiallyLoaded:0 Bounds:IsValid=true, Min=(X=3267.657 Y=945.000 Z=-7874.546), Max=(X=3317.500 Y=1017.000 Z=-7703.454) RuntimeGrid:None EditorOnly:0 RuntimeOnly:0 HLODRelevant:0
 |   |   |- [+] [ 23]
 |   |   |   |- Guid:B603194A4D0E9AC615843EA0A99BD577 BaseClass:/Game/Enemies/BP_Enemy2.BP_Enemy2_C NativeClass:/Script/Paper2D.PaperCharacter Name:BP_Enemy2_C_UAID_902E1691980197B101_1317692649 Label:BP_Enemy8 SpatiallyLoaded:0 Bounds:IsValid=true, Min=(X=2952.000 Y=907.400 Z=-7819.000), Max=(X=3032.700 Y=974.600 Z=-7759.000) RuntimeGrid:None EditorOnly:0 RuntimeOnly:0 HLODRelevant:0
 |   |   |- [+] [ 24]
 |   |   |   |- Guid:CC9EB3C849672EF1F1C6FE99816406FD BaseClass: NativeClass:/Script/Paper2D.PaperSpriteActor Name:PaperSpriteActor_UAID_902E169198018ED801_2067774249 Label:Sky3_Sprite SpatiallyLoaded:1 Bounds:IsValid=true, Min=(X=-427.032 Y=1043.235 Z=-7815.493), Max=(X=4691.032 Y=1434.765 Z=-7802.507) RuntimeGrid:None EditorOnly:0 RuntimeOnly:0 HLODRelevant:0
 |   |   |- [+] [ 25]
 |   |   |   |- Guid:5B6F98B44664226B67BC02BCB447D06C BaseClass: NativeClass:/Script/Paper2D.PaperTileMapActor Name:PaperTileMapActor_UAID_902E1691980192D801_1525522957 Label:Slums1 SpatiallyLoaded:1 Bounds:IsValid=true, Min=(X=3015.000 Y=-314.000 Z=-7817.000), Max=(X=4695.000 Y=1046.000 Z=-7801.000) RuntimeGrid:None EditorOnly:0 RuntimeOnly:0 HLODRelevant:0
 |- ContainerInstances:
 |- [+] MainContainer:
 |   |-        ID: 0x0000000000000000
 |   |-    Bounds: IsValid=true, Min=(X=-10853.000 Y=-314.000 Z=-7872.925), Max=(X=9148.000 Y=1434.765 Z=-7367.000)
 |   |- Transform: 0.000000,0.000000,0.000000|0.000000,0.000000,-0.000000|1.000000,1.000000,1.000000
 |   |- Container: /Game/TestausTaso/Testaus
----------------------------------------------------------------------------------------------------------------
Testaus - Persistent Level
----------------------------------------------------------------------------------------------------------------
Always loaded Actor Count: 38 

----------------------------------------------------------------------------------------------------------------
Testaus - Runtime Spatial Hash - Streaming Grid - MainGrid
----------------------------------------------------------------------------------------------------------------
            Origin: X=0.000 Y=0.000 Z=0.000
         Cell Size: 25600
      World Bounds: IsValid=true, Min=(X=-10853.000 Y=-314.000 Z=-7872.925), Max=(X=9148.000 Y=1434.765 Z=-7367.000)
     Loading Range: 76800.00
Block Slow Loading: No
 ClientOnlyVisible: No

[+] Grid Levels: 2
 |- Level  0: Cell Count    2 | Cell Size   25600 | Actor Count    4 (100.0%)
 |- Level  1: Cell Count    0 | Cell Size   51200 | Actor Count    0 (0.0%)

[+] Content of Grid Level 0
 |- [+] Content of Cell MainGrid_L0_X-1_Y0
 |   |- Actor Count: 1
 |   |- Actor Path: /Game/TestausTaso/Testaus.Testaus:PersistentLevel.BlockingVolume_UAID_902E16919801A0B101_2023573271
 |   |- Actor Package: /Game/__ExternalActors__/TestausTaso/Testaus/0/BF/7JXXJFQBQYJZE1AHF6TFKA
 |- [+] Content of Cell MainGrid_L0_X0_Y0
 |   |- Actor Count: 3
 |   |- Actor Path: /Game/TestausTaso/Testaus.Testaus:PersistentLevel.BP_Camera_C_UAID_902E16919801D7C301_2110055920
 |   |- Actor Package: /Game/__ExternalActors__/TestausTaso/Testaus/1/RG/G9D435S06ADG8EZ3KAEXK8
 |   |- Actor Path: /Game/TestausTaso/Testaus.Testaus:PersistentLevel.BlockingVolume_UAID_902E169198011DAF01_2023337066
 |   |- Actor Package: /Game/__ExternalActors__/TestausTaso/Testaus/4/CJ/L1TMNN8T8O9RNAX4GQ64V7
 |   |- Actor Path: /Game/TestausTaso/Testaus.Testaus:PersistentLevel.BP_Character_C_UAID_902E1691980138A201_1079428087
 |   |- Actor Package: /Game/__ExternalActors__/TestausTaso/Testaus/C/WM/7KRHCY006X9XJX0JTB7KWB
[+] Content of Grid Level 1

