[+] Containers:
 |- [+] Container: /Game/TestausTaso/Testaus
 |   |- [+] ActorDescs:
 |   |   |- Guid:17D7EF6745C10AC67307F298EFBD88FE BaseClass: NativeClass:/Script/Engine.StaticMeshActor Name:StaticMeshActor_UAID_902E1691980112A401_1705315516 Label:Plane SpatiallyLoaded:1 Bounds:IsValid=true, Min=(X=-5905.000 Y=744.000 Z=-7809.000), Max=(X=4095.000 Y=944.000 Z=-7809.000) RuntimeGrid:None EditorOnly:0 RuntimeOnly:0 HLODRelevant:1
 |   |   |- Guid:275D5D6E47F711D824371EA3C5471B7C BaseClass: NativeClass:/Script/Engine.StaticMeshActor Name:StaticMeshActor_UAID_902E1691980162AA01_1156457022 Label:Cube8 SpatiallyLoaded:1 Bounds:IsValid=true, Min=(X=-4282.000 Y=856.000 Z=-7879.500), Max=(X=-4232.000 Y=1006.000 Z=-7754.500) RuntimeGrid:None EditorOnly:0 RuntimeOnly:0 HLODRelevant:1
 |   |   |- Guid:39028573442F4238F10DF29C3AFABB0E BaseClass: NativeClass:/Script/NavigationSystem.RecastNavMesh Name:RecastNavMesh_UAID_902E16919801E8A601-Default Label:RecastNavMesh-Default SpatiallyLoaded:0 Bounds:IsValid=true, Min=(X=0.000 Y=0.000 Z=0.000), Max=(X=0.000 Y=0.000 Z=0.000) RuntimeGrid:None EditorOnly:0 RuntimeOnly:0 HLODRelevant:0
 |   |   |- Guid:5368FABB47D6D9580DAECA8B0417BF92 BaseClass: NativeClass:/Script/Engine.WorldDataLayers Name:WorldDataLayers Label:WorldDataLayers-1 SpatiallyLoaded:0 Bounds:IsValid=true, Min=(X=0.000 Y=0.000 Z=0.000), Max=(X=0.000 Y=0.000 Z=0.000) RuntimeGrid:None EditorOnly:0 RuntimeOnly:0 HLODRelevant:0
 |   |   |- Guid:7230F67F4BCAE6AFB5669795BF28D8B7 BaseClass:/Game/Enemies/BP_Enemy1.BP_Enemy1_C NativeClass:/Script/Paper2D.PaperCharacter Name:BP_Enemy1_C_UAID_902E1691980160AA01_1998387579 Label:BP_Enemy1 SpatiallyLoaded:1 Bounds:IsValid=true, Min=(X=-5599.500 Y=909.000 Z=-7811.400), Max=(X=-5555.200 Y=941.000 Z=-7766.600) RuntimeGrid:None EditorOnly:0 RuntimeOnly:0 HLODRelevant:0
 |   |   |- Guid:7CAB04CC414A194356D805AF72F63AC5 BaseClass: NativeClass:/Script/Engine.BlockingVolume Name:BlockingVolume_UAID_902E1691980160AA01_1698749575 Label:BlockingVolume2 SpatiallyLoaded:1 Bounds:IsValid=true, Min=(X=-5753.000 Y=653.000 Z=-7809.000), Max=(X=4047.000 Y=657.000 Z=-7659.000) RuntimeGrid:None EditorOnly:0 RuntimeOnly:0 HLODRelevant:0
 |   |   |- Guid:7FF3577843523077F71DD7B43410F052 BaseClass: NativeClass:/Script/Engine.StaticMeshActor Name:StaticMeshActor_UAID_902E1691980162AA01_1128904021 Label:Cube7 SpatiallyLoaded:1 Bounds:IsValid=true, Min=(X=-4283.000 Y=672.000 Z=-7883.500), Max=(X=-4233.000 Y=822.000 Z=-7758.500) RuntimeGrid:None EditorOnly:0 RuntimeOnly:0 HLODRelevant:1
 |   |   |- Guid:8B80445E47DB24F5CA03638A996849CD BaseClass:/Game/TestausHahmo/BP_Character.BP_Character_C NativeClass:/Script/Paper2D.PaperCharacter Name:BP_Character_C_UAID_902E1691980138A201_1079428087 Label:BP_Character SpatiallyLoaded:1 Bounds:IsValid=true, Min=(X=-5705.000 Y=849.000 Z=-7809.000), Max=(X=-5662.200 Y=881.000 Z=-7774.000) RuntimeGrid:None EditorOnly:0 RuntimeOnly:0 HLODRelevant:0
 |   |   |- Guid:93F2BB6845151D3D17CA9C93CC8FDB93 BaseClass: NativeClass:/Script/Engine.StaticMeshActor Name:StaticMeshActor_UAID_902E1691980162AA01_1121308020 Label:Cube6 SpatiallyLoaded:1 Bounds:IsValid=true, Min=(X=-4624.000 Y=831.000 Z=-7867.500), Max=(X=-4574.000 Y=1031.000 Z=-7742.500) RuntimeGrid:None EditorOnly:0 RuntimeOnly:0 HLODRelevant:1
 |   |   |- Guid:A5E2B35F44C45B1C56338DB3137883E0 BaseClass: NativeClass:/Script/Engine.BlockingVolume Name:BlockingVolume_UAID_902E169198017DAD01_1699119847 Label:BlockingVolume3 SpatiallyLoaded:1 Bounds:IsValid=true, Min=(X=-5292.000 Y=767.000 Z=-7809.000), Max=(X=-5242.000 Y=867.000 Z=-7559.000) RuntimeGrid:None EditorOnly:0 RuntimeOnly:0 HLODRelevant:0
 |   |   |- Guid:A9A279874EF721DE2C78FCA4CA382594 BaseClass: NativeClass:/Script/NavigationSystem.NavMeshBoundsVolume Name:NavMeshBoundsVolume_UAID_902E16919801E8A601_1224383288 Label:NavMeshBoundsVolume SpatiallyLoaded:0 Bounds:IsValid=true, Min=(X=-6056.010 Y=173.191 Z=-8334.000), Max=(X=4193.990 Y=1423.191 Z=-7284.000) RuntimeGrid:None EditorOnly:0 RuntimeOnly:0 HLODRelevant:0
 |   |   |- Guid:B053222C429A73AC9ADD219D8077828B BaseClass: NativeClass:/Script/Engine.BlockingVolume Name:BlockingVolume_UAID_902E1691980114A401_1210356872 Label:BlockingVolume SpatiallyLoaded:1 Bounds:IsValid=true, Min=(X=-5754.000 Y=1035.000 Z=-7778.000), Max=(X=4046.000 Y=1039.000 Z=-7628.000) RuntimeGrid:None EditorOnly:0 RuntimeOnly:0 HLODRelevant:0
 |   |   |- Guid:C840F9CA497C8DECA12ADEAD6BC21AA6 BaseClass:/Game/Enemies/BP_Enemy1.BP_Enemy1_C NativeClass:/Script/Paper2D.PaperCharacter Name:BP_Enemy1_C_UAID_902E1691980160AA01_2008668582 Label:BP_Enemy4 SpatiallyLoaded:1 Bounds:IsValid=true, Min=(X=-5435.500 Y=741.000 Z=-7811.400), Max=(X=-5391.200 Y=773.000 Z=-7766.600) RuntimeGrid:None EditorOnly:0 RuntimeOnly:0 HLODRelevant:0
 |   |   |- Guid:D3FB7383421AAEFD3DB6F8B1E415A9FE BaseClass: NativeClass:/Script/Engine.ExponentialHeightFog Name:ExponentialHeightFog_UAID_A85E45CFE40401D200_1470382763 Label:ExponentialHeightFog SpatiallyLoaded:0 Bounds:IsValid=true, Min=(X=-5600.000 Y=-50.000 Z=-6850.000), Max=(X=-5600.000 Y=-50.000 Z=-6850.000) RuntimeGrid:None EditorOnly:0 RuntimeOnly:0 HLODRelevant:0 FolderPath:Lighting FolderGuid:B7E9BD5B45A652654791988DEF54CCEB
 |   |   |- Guid:F3F5CF9947134D784AB7B0B641747A5A BaseClass:/Game/Enemies/BP_Enemy1.BP_Enemy1_C NativeClass:/Script/Paper2D.PaperCharacter Name:BP_Enemy1_C_UAID_902E1691980160AA01_2001685580 Label:BP_Enemy2 SpatiallyLoaded:1 Bounds:IsValid=true, Min=(X=-5578.500 Y=754.000 Z=-7811.400), Max=(X=-5534.200 Y=786.000 Z=-7766.600) RuntimeGrid:None EditorOnly:0 RuntimeOnly:0 HLODRelevant:0
 |   |   |- Guid:F81875B045877F7C8364C1981213A541 BaseClass:/Game/Enemies/BP_Enemy1.BP_Enemy1_C NativeClass:/Script/Paper2D.PaperCharacter Name:BP_Enemy1_C_UAID_902E1691980160AA01_2006675581 Label:BP_Enemy3 SpatiallyLoaded:1 Bounds:IsValid=true, Min=(X=-5446.500 Y=905.000 Z=-7811.400), Max=(X=-5402.200 Y=937.000 Z=-7766.600) RuntimeGrid:None EditorOnly:0 RuntimeOnly:0 HLODRelevant:0
 |   |- [+] Clusters:
 |   |   |- [+] [  0]
 |   |   |   |- Guid:275D5D6E47F711D824371EA3C5471B7C BaseClass: NativeClass:/Script/Engine.StaticMeshActor Name:StaticMeshActor_UAID_902E1691980162AA01_1156457022 Label:Cube8 SpatiallyLoaded:1 Bounds:IsValid=true, Min=(X=-4282.000 Y=856.000 Z=-7879.500), Max=(X=-4232.000 Y=1006.000 Z=-7754.500) RuntimeGrid:None EditorOnly:0 RuntimeOnly:0 HLODRelevant:1
 |   |   |- [+] [  1]
 |   |   |   |- Guid:F81875B045877F7C8364C1981213A541 BaseClass:/Game/Enemies/BP_Enemy1.BP_Enemy1_C NativeClass:/Script/Paper2D.PaperCharacter Name:BP_Enemy1_C_UAID_902E1691980160AA01_2006675581 Label:BP_Enemy3 SpatiallyLoaded:1 Bounds:IsValid=true, Min=(X=-5446.500 Y=905.000 Z=-7811.400), Max=(X=-5402.200 Y=937.000 Z=-7766.600) RuntimeGrid:None EditorOnly:0 RuntimeOnly:0 HLODRelevant:0
 |   |   |- [+] [  2]
 |   |   |   |- Guid:F3F5CF9947134D784AB7B0B641747A5A BaseClass:/Game/Enemies/BP_Enemy1.BP_Enemy1_C NativeClass:/Script/Paper2D.PaperCharacter Name:BP_Enemy1_C_UAID_902E1691980160AA01_2001685580 Label:BP_Enemy2 SpatiallyLoaded:1 Bounds:IsValid=true, Min=(X=-5578.500 Y=754.000 Z=-7811.400), Max=(X=-5534.200 Y=786.000 Z=-7766.600) RuntimeGrid:None EditorOnly:0 RuntimeOnly:0 HLODRelevant:0
 |   |   |- [+] [  3]
 |   |   |   |- Guid:D3FB7383421AAEFD3DB6F8B1E415A9FE BaseClass: NativeClass:/Script/Engine.ExponentialHeightFog Name:ExponentialHeightFog_UAID_A85E45CFE40401D200_1470382763 Label:ExponentialHeightFog SpatiallyLoaded:0 Bounds:IsValid=true, Min=(X=-5600.000 Y=-50.000 Z=-6850.000), Max=(X=-5600.000 Y=-50.000 Z=-6850.000) RuntimeGrid:None EditorOnly:0 RuntimeOnly:0 HLODRelevant:0 FolderPath:Lighting FolderGuid:B7E9BD5B45A652654791988DEF54CCEB
 |   |   |- [+] [  4]
 |   |   |   |- Guid:A9A279874EF721DE2C78FCA4CA382594 BaseClass: NativeClass:/Script/NavigationSystem.NavMeshBoundsVolume Name:NavMeshBoundsVolume_UAID_902E16919801E8A601_1224383288 Label:NavMeshBoundsVolume SpatiallyLoaded:0 Bounds:IsValid=true, Min=(X=-6056.010 Y=173.191 Z=-8334.000), Max=(X=4193.990 Y=1423.191 Z=-7284.000) RuntimeGrid:None EditorOnly:0 RuntimeOnly:0 HLODRelevant:0
 |   |   |- [+] [  5]
 |   |   |   |- Guid:5368FABB47D6D9580DAECA8B0417BF92 BaseClass: NativeClass:/Script/Engine.WorldDataLayers Name:WorldDataLayers Label:WorldDataLayers-1 SpatiallyLoaded:0 Bounds:IsValid=true, Min=(X=0.000 Y=0.000 Z=0.000), Max=(X=0.000 Y=0.000 Z=0.000) RuntimeGrid:None EditorOnly:0 RuntimeOnly:0 HLODRelevant:0
 |   |   |- [+] [  6]
 |   |   |   |- Guid:7FF3577843523077F71DD7B43410F052 BaseClass: NativeClass:/Script/Engine.StaticMeshActor Name:StaticMeshActor_UAID_902E1691980162AA01_1128904021 Label:Cube7 SpatiallyLoaded:1 Bounds:IsValid=true, Min=(X=-4283.000 Y=672.000 Z=-7883.500), Max=(X=-4233.000 Y=822.000 Z=-7758.500) RuntimeGrid:None EditorOnly:0 RuntimeOnly:0 HLODRelevant:1
 |   |   |- [+] [  7]
 |   |   |   |- Guid:7CAB04CC414A194356D805AF72F63AC5 BaseClass: NativeClass:/Script/Engine.BlockingVolume Name:BlockingVolume_UAID_902E1691980160AA01_1698749575 Label:BlockingVolume2 SpatiallyLoaded:1 Bounds:IsValid=true, Min=(X=-5753.000 Y=653.000 Z=-7809.000), Max=(X=4047.000 Y=657.000 Z=-7659.000) RuntimeGrid:None EditorOnly:0 RuntimeOnly:0 HLODRelevant:0
 |   |   |- [+] [  8]
 |   |   |   |- Guid:17D7EF6745C10AC67307F298EFBD88FE BaseClass: NativeClass:/Script/Engine.StaticMeshActor Name:StaticMeshActor_UAID_902E1691980112A401_1705315516 Label:Plane SpatiallyLoaded:1 Bounds:IsValid=true, Min=(X=-5905.000 Y=744.000 Z=-7809.000), Max=(X=4095.000 Y=944.000 Z=-7809.000) RuntimeGrid:None EditorOnly:0 RuntimeOnly:0 HLODRelevant:1
 |   |   |- [+] [  9]
 |   |   |   |- Guid:93F2BB6845151D3D17CA9C93CC8FDB93 BaseClass: NativeClass:/Script/Engine.StaticMeshActor Name:StaticMeshActor_UAID_902E1691980162AA01_1121308020 Label:Cube6 SpatiallyLoaded:1 Bounds:IsValid=true, Min=(X=-4624.000 Y=831.000 Z=-7867.500), Max=(X=-4574.000 Y=1031.000 Z=-7742.500) RuntimeGrid:None EditorOnly:0 RuntimeOnly:0 HLODRelevant:1
 |   |   |- [+] [ 10]
 |   |   |   |- Guid:39028573442F4238F10DF29C3AFABB0E BaseClass: NativeClass:/Script/NavigationSystem.RecastNavMesh Name:RecastNavMesh_UAID_902E16919801E8A601-Default Label:RecastNavMesh-Default SpatiallyLoaded:0 Bounds:IsValid=true, Min=(X=0.000 Y=0.000 Z=0.000), Max=(X=0.000 Y=0.000 Z=0.000) RuntimeGrid:None EditorOnly:0 RuntimeOnly:0 HLODRelevant:0
 |   |   |- [+] [ 11]
 |   |   |   |- Guid:8B80445E47DB24F5CA03638A996849CD BaseClass:/Game/TestausHahmo/BP_Character.BP_Character_C NativeClass:/Script/Paper2D.PaperCharacter Name:BP_Character_C_UAID_902E1691980138A201_1079428087 Label:BP_Character SpatiallyLoaded:1 Bounds:IsValid=true, Min=(X=-5705.000 Y=849.000 Z=-7809.000), Max=(X=-5662.200 Y=881.000 Z=-7774.000) RuntimeGrid:None EditorOnly:0 RuntimeOnly:0 HLODRelevant:0
 |   |   |- [+] [ 12]
 |   |   |   |- Guid:7230F67F4BCAE6AFB5669795BF28D8B7 BaseClass:/Game/Enemies/BP_Enemy1.BP_Enemy1_C NativeClass:/Script/Paper2D.PaperCharacter Name:BP_Enemy1_C_UAID_902E1691980160AA01_1998387579 Label:BP_Enemy1 SpatiallyLoaded:1 Bounds:IsValid=true, Min=(X=-5599.500 Y=909.000 Z=-7811.400), Max=(X=-5555.200 Y=941.000 Z=-7766.600) RuntimeGrid:None EditorOnly:0 RuntimeOnly:0 HLODRelevant:0
 |   |   |- [+] [ 13]
 |   |   |   |- Guid:C840F9CA497C8DECA12ADEAD6BC21AA6 BaseClass:/Game/Enemies/BP_Enemy1.BP_Enemy1_C NativeClass:/Script/Paper2D.PaperCharacter Name:BP_Enemy1_C_UAID_902E1691980160AA01_2008668582 Label:BP_Enemy4 SpatiallyLoaded:1 Bounds:IsValid=true, Min=(X=-5435.500 Y=741.000 Z=-7811.400), Max=(X=-5391.200 Y=773.000 Z=-7766.600) RuntimeGrid:None EditorOnly:0 RuntimeOnly:0 HLODRelevant:0
 |   |   |- [+] [ 14]
 |   |   |   |- Guid:B053222C429A73AC9ADD219D8077828B BaseClass: NativeClass:/Script/Engine.BlockingVolume Name:BlockingVolume_UAID_902E1691980114A401_1210356872 Label:BlockingVolume SpatiallyLoaded:1 Bounds:IsValid=true, Min=(X=-5754.000 Y=1035.000 Z=-7778.000), Max=(X=4046.000 Y=1039.000 Z=-7628.000) RuntimeGrid:None EditorOnly:0 RuntimeOnly:0 HLODRelevant:0
 |   |   |- [+] [ 15]
 |   |   |   |- Guid:A5E2B35F44C45B1C56338DB3137883E0 BaseClass: NativeClass:/Script/Engine.BlockingVolume Name:BlockingVolume_UAID_902E169198017DAD01_1699119847 Label:BlockingVolume3 SpatiallyLoaded:1 Bounds:IsValid=true, Min=(X=-5292.000 Y=767.000 Z=-7809.000), Max=(X=-5242.000 Y=867.000 Z=-7559.000) RuntimeGrid:None EditorOnly:0 RuntimeOnly:0 HLODRelevant:0
 |- ContainerInstances:
 |- [+] MainContainer:
 |   |-        ID: 0x0000000000000000
 |   |-    Bounds: IsValid=true, Min=(X=-5905.000 Y=653.000 Z=-7883.500), Max=(X=4095.000 Y=1039.000 Z=-7628.000)
 |   |- Transform: 0.000000,0.000000,0.000000|0.000000,0.000000,-0.000000|1.000000,1.000000,1.000000
 |   |- Container: /Game/TestausTaso/Testaus
----------------------------------------------------------------------------------------------------------------
Testaus - Persistent Level
----------------------------------------------------------------------------------------------------------------
Always loaded Actor Count: 35 

----------------------------------------------------------------------------------------------------------------
Testaus - Runtime Spatial Hash - Streaming Grid - MainGrid
----------------------------------------------------------------------------------------------------------------
            Origin: X=0.000 Y=0.000 Z=0.000
         Cell Size: 25600
      World Bounds: IsValid=true, Min=(X=-5905.000 Y=653.000 Z=-7883.500), Max=(X=4095.000 Y=1039.000 Z=-7628.000)
     Loading Range: 76800.00
Block Slow Loading: No
 ClientOnlyVisible: No

[+] Grid Levels: 2
 |- Level  0: Cell Count    1 | Cell Size   25600 | Actor Count    8 (100.0%)
 |- Level  1: Cell Count    0 | Cell Size   51200 | Actor Count    0 (0.0%)

[+] Content of Grid Level 0
 |- [+] Content of Cell MainGrid_L0_X-1_Y0
 |   |- Actor Count: 8
 |   |- Actor Path: /Game/TestausTaso/Testaus.Testaus:PersistentLevel.StaticMeshActor_UAID_902E1691980162AA01_1156457022
 |   |- Actor Package: /Game/__ExternalActors__/TestausTaso/Testaus/1/CA/GCO0U5EZN1UMS5T5TL1C2F
 |   |- Actor Path: /Game/TestausTaso/Testaus.Testaus:PersistentLevel.BP_Enemy1_C_UAID_902E1691980160AA01_2006675581
 |   |- Actor Package: /Game/__ExternalActors__/TestausTaso/Testaus/1/O1/U4BA5R1RS0W5MSX55KMN5T
 |   |- Actor Path: /Game/TestausTaso/Testaus.Testaus:PersistentLevel.BP_Enemy1_C_UAID_902E1691980160AA01_2001685580
 |   |- Actor Package: /Game/__ExternalActors__/TestausTaso/Testaus/1/TM/O4U9DYJL3S632HENNSZUZX
 |   |- Actor Path: /Game/TestausTaso/Testaus.Testaus:PersistentLevel.StaticMeshActor_UAID_902E1691980162AA01_1128904021
 |   |- Actor Package: /Game/__ExternalActors__/TestausTaso/Testaus/6/Z5/RIS3QJ00VPLJP7T1QT7FIC
 |   |- Actor Path: /Game/TestausTaso/Testaus.Testaus:PersistentLevel.StaticMeshActor_UAID_902E1691980162AA01_1121308020
 |   |- Actor Package: /Game/__ExternalActors__/TestausTaso/Testaus/C/1Q/PM5U1T05GE055GX5009A2R
 |   |- Actor Path: /Game/TestausTaso/Testaus.Testaus:PersistentLevel.BP_Character_C_UAID_902E1691980138A201_1079428087
 |   |- Actor Package: /Game/__ExternalActors__/TestausTaso/Testaus/C/WM/7KRHCY006X9XJX0JTB7KWB
 |   |- Actor Path: /Game/TestausTaso/Testaus.Testaus:PersistentLevel.BP_Enemy1_C_UAID_902E1691980160AA01_1998387579
 |   |- Actor Package: /Game/__ExternalActors__/TestausTaso/Testaus/E/19/A1369W5MH6CI2OQDU1NA0C
 |   |- Actor Path: /Game/TestausTaso/Testaus.Testaus:PersistentLevel.BP_Enemy1_C_UAID_902E1691980160AA01_2008668582
 |   |- Actor Package: /Game/__ExternalActors__/TestausTaso/Testaus/E/4U/U6N34ICFI9B9LKJXTZQFQC
[+] Content of Grid Level 1

