[+] Containers:
 |- [+] Container: /Game/TestausTaso/Testaus
 |   |- [+] ActorDescs:
 |   |   |- Guid:01025B084C379071105263840924ED1C BaseClass:/Game/Enemies/BP_Enemy4.BP_Enemy4_C NativeClass:/Script/Paper2D.PaperCharacter Name:BP_Enemy4_C_UAID_902E16919801A1B101_1294273449 Label:BP_Enemy38 SpatiallyLoaded:0 Bounds:IsValid=true, Min=(X=-731.000 Y=945.600 Z=-7809.000), Max=(X=-677.200 Y=990.400 Z=-7769.000) RuntimeGrid:None EditorOnly:0 RuntimeOnly:0 HLODRelevant:0
 |   |   |- Guid:03057698408DEFBB46F833BBC261A761 BaseClass: NativeClass:/Script/Paper2D.PaperTileMapActor Name:PaperTileMapActor_UAID_902E16919801F6B001_1854195319 Label:TileSetGrass1 SpatiallyLoaded:1 Bounds:IsValid=true, Min=(X=3546.000 Y=429.000 Z=-7811.000), Max=(X=4386.000 Y=1041.000 Z=-7807.000) RuntimeGrid:None EditorOnly:0 RuntimeOnly:0 HLODRelevant:0
 |   |   |- Guid:030BADB2457CC24E67874DAD85BF4A5E BaseClass:/Game/Enemies/BP_Enemy3.BP_Enemy3_C NativeClass:/Script/Paper2D.PaperCharacter Name:BP_Enemy3_C_UAID_902E16919801A0B101_1998876269 Label:BP_Enemy36 SpatiallyLoaded:0 Bounds:IsValid=true, Min=(X=-366.000 Y=968.600 Z=-7809.000), Max=(X=-312.200 Y=1013.400 Z=-7769.000) RuntimeGrid:None EditorOnly:0 RuntimeOnly:0 HLODRelevant:0
 |   |   |- Guid:0DBF492C4D4545912DED39BC38CACE06 BaseClass:/Game/Enemies/BP_Enemy1.BP_Enemy1_C NativeClass:/Script/Paper2D.PaperCharacter Name:BP_Enemy1_C_UAID_902E16919801A0B101_1976195264 Label:BP_Enemy31 SpatiallyLoaded:0 Bounds:IsValid=true, Min=(X=139.000 Y=871.600 Z=-7809.000), Max=(X=192.800 Y=916.400 Z=-7769.000) RuntimeGrid:None EditorOnly:0 RuntimeOnly:0 HLODRelevant:0
 |   |   |- Guid:14C334634EB92458C3E6E48F299790D4 BaseClass:/Game/Enemies/BP_Enemy1.BP_Enemy1_C NativeClass:/Script/Paper2D.PaperCharacter Name:BP_Enemy1_C_UAID_902E16919801A0B101_1978046265 Label:BP_Enemy32 SpatiallyLoaded:0 Bounds:IsValid=true, Min=(X=138.000 Y=866.600 Z=-7809.000), Max=(X=191.800 Y=911.400 Z=-7769.000) RuntimeGrid:None EditorOnly:0 RuntimeOnly:0 HLODRelevant:0
 |   |   |- Guid:1662AF8544BA029E80DD198F661799DB BaseClass:/Game/Enemies/BP_Enemy2.BP_Enemy2_C NativeClass:/Script/Paper2D.PaperCharacter Name:BP_Enemy2_C_UAID_902E169198019DB101_1940003720 Label:BP_Enemy16 SpatiallyLoaded:0 Bounds:IsValid=true, Min=(X=2362.000 Y=872.600 Z=-7809.000), Max=(X=2415.800 Y=917.400 Z=-7769.000) RuntimeGrid:None EditorOnly:0 RuntimeOnly:0 HLODRelevant:0
 |   |   |- Guid:17D7EF6745C10AC67307F298EFBD88FE BaseClass: NativeClass:/Script/Engine.StaticMeshActor Name:StaticMeshActor_UAID_902E1691980112A401_1705315516 Label:Plane SpatiallyLoaded:1 Bounds:IsValid=true, Min=(X=-5920.502 Y=729.000 Z=-7809.000), Max=(X=4110.502 Y=1029.000 Z=-7809.000) RuntimeGrid:None EditorOnly:0 RuntimeOnly:0 HLODRelevant:1
 |   |   |- Guid:17EEBA054D69661B055AC293733CCE58 BaseClass:/Game/Enemies/BP_Enemy1.BP_Enemy1_C NativeClass:/Script/Paper2D.PaperCharacter Name:BP_Enemy1_C_UAID_902E169198019DB101_1983833724 Label:BP_Enemy20 SpatiallyLoaded:0 Bounds:IsValid=true, Min=(X=1543.000 Y=952.600 Z=-7809.000), Max=(X=1596.800 Y=997.400 Z=-7769.000) RuntimeGrid:None EditorOnly:0 RuntimeOnly:0 HLODRelevant:0
 |   |   |- Guid:2024FD8644D6EC0AE4C54B8FD589AEB1 BaseClass: NativeClass:/Script/Paper2D.PaperTileMapActor Name:PaperTileMapActor_UAID_902E16919801A1B101_1095671448 Label:TileSet_Tiles2 SpatiallyLoaded:1 Bounds:IsValid=true, Min=(X=-1435.000 Y=429.000 Z=-7811.000), Max=(X=-595.000 Y=1041.000 Z=-7807.000) RuntimeGrid:None EditorOnly:0 RuntimeOnly:0 HLODRelevant:0
 |   |   |- Guid:244E17BB4EF97CC1788C168CCBF5AAF3 BaseClass:/Game/Enemies/BP_Enemy1.BP_Enemy1_C NativeClass:/Script/Paper2D.PaperCharacter Name:BP_Enemy1_C_UAID_902E16919801FDB001_1879744558 Label:BP_Enemy2 SpatiallyLoaded:0 Bounds:IsValid=true, Min=(X=3748.000 Y=968.600 Z=-7809.000), Max=(X=3801.800 Y=1013.400 Z=-7769.000) RuntimeGrid:None EditorOnly:0 RuntimeOnly:0 HLODRelevant:0
 |   |   |- Guid:2A77225048D5ACA778B6529CF560E98E BaseClass:/Game/Enemies/BP_Enemy1.BP_Enemy1_C NativeClass:/Script/Paper2D.PaperCharacter Name:BP_Enemy1_C_UAID_902E16919801FDB001_1887100559 Label:BP_Enemy3 SpatiallyLoaded:0 Bounds:IsValid=true, Min=(X=3749.000 Y=873.600 Z=-7809.000), Max=(X=3802.800 Y=918.400 Z=-7769.000) RuntimeGrid:None EditorOnly:0 RuntimeOnly:0 HLODRelevant:0
 |   |   |- Guid:2B6FB7D64F1A4EBCA83DC197EADEE780 BaseClass: NativeClass:/Script/Paper2D.PaperTileMapActor Name:PaperTileMapActor_UAID_902E169198019EB101_1124801911 Label:TileSet_Tiles1 SpatiallyLoaded:1 Bounds:IsValid=true, Min=(X=-595.000 Y=428.000 Z=-7811.000), Max=(X=245.000 Y=1040.000 Z=-7807.000) RuntimeGrid:None EditorOnly:0 RuntimeOnly:0 HLODRelevant:0
 |   |   |- Guid:2BE1E7654D534F786FDB7D822548D9CE BaseClass:/Game/Enemies/BP_Enemy3.BP_Enemy3_C NativeClass:/Script/Paper2D.PaperCharacter Name:BP_Enemy3_C_UAID_902E169198019DB101_1999571727 Label:BP_Enemy23 SpatiallyLoaded:0 Bounds:IsValid=true, Min=(X=1087.000 Y=869.600 Z=-7809.000), Max=(X=1140.800 Y=914.400 Z=-7769.000) RuntimeGrid:None EditorOnly:0 RuntimeOnly:0 HLODRelevant:0
 |   |   |- Guid:2D5C727B464A4B8EED6AF7831116B10E BaseClass: NativeClass:/Script/Engine.DirectionalLight Name:DirectionalLight_UAID_902E16919801F2B001_1594163607 Label:DirectionalLight SpatiallyLoaded:0 Bounds:IsValid=true, Min=(X=-4398046511104.000 Y=-4398046511104.000 Z=-4398046511104.000), Max=(X=4398046511104.000 Y=4398046511104.000 Z=4398046511104.000) RuntimeGrid:None EditorOnly:0 RuntimeOnly:0 HLODRelevant:0 FolderPath:Lighting FolderGuid:27DDF48F481B2EC0EA814B9FEEBFA08E
 |   |   |- Guid:2ECD7BF34B96FCD0E80DB2A97DC4E3E5 BaseClass:/Game/Enemies/BP_Enemy4.BP_Enemy4_C NativeClass:/Script/Paper2D.PaperCharacter Name:BP_Enemy4_C_UAID_902E169198019DB101_2048327734 Label:BP_Enemy30 SpatiallyLoaded:0 Bounds:IsValid=true, Min=(X=377.000 Y=931.600 Z=-7809.000), Max=(X=430.800 Y=976.400 Z=-7769.000) RuntimeGrid:None EditorOnly:0 RuntimeOnly:0 HLODRelevant:0
 |   |   |- Guid:36C4FE9A4CBD3CD6C95291BE81AEF873 BaseClass: NativeClass:/Script/Engine.BlockingVolume Name:BlockingVolume_UAID_902E16919801A0B101_2023573271 Label:BlockingVolume5 SpatiallyLoaded:1 Bounds:IsValid=true, Min=(X=-5920.000 Y=882.000 Z=-7809.000), Max=(X=-5916.000 Y=1132.000 Z=-7509.000) RuntimeGrid:None EditorOnly:0 RuntimeOnly:0 HLODRelevant:0
 |   |   |- Guid:39028573442F4238F10DF29C3AFABB0E BaseClass: NativeClass:/Script/NavigationSystem.RecastNavMesh Name:RecastNavMesh_UAID_902E16919801E8A601-Default Label:RecastNavMesh-Default SpatiallyLoaded:0 Bounds:IsValid=true, Min=(X=0.000 Y=0.000 Z=0.000), Max=(X=0.000 Y=0.000 Z=0.000) RuntimeGrid:None EditorOnly:0 RuntimeOnly:0 HLODRelevant:0
 |   |   |- Guid:3AB262FE4A88F6F630B5BD90D8123868 BaseClass:/Game/Enemies/BP_Enemy1.BP_Enemy1_C NativeClass:/Script/Paper2D.PaperCharacter Name:BP_Enemy1_C_UAID_902E16919801A1B101_1315611454 Label:BP_Enemy43 SpatiallyLoaded:0 Bounds:IsValid=true, Min=(X=-1138.000 Y=896.600 Z=-7809.000), Max=(X=-1084.200 Y=941.400 Z=-7769.000) RuntimeGrid:None EditorOnly:0 RuntimeOnly:0 HLODRelevant:0
 |   |   |- Guid:3B040F474E71B760D91A5F9F6B290E9D BaseClass:/Game/Enemies/BP_Enemy4.BP_Enemy4_C NativeClass:/Script/Paper2D.PaperCharacter Name:BP_Enemy4_C_UAID_902E169198019DB101_2003092728 Label:BP_Enemy24 SpatiallyLoaded:0 Bounds:IsValid=true, Min=(X=1326.000 Y=912.600 Z=-7809.000), Max=(X=1379.800 Y=957.400 Z=-7769.000) RuntimeGrid:None EditorOnly:0 RuntimeOnly:0 HLODRelevant:0
 |   |   |- Guid:3F150D2842076D2043DA73BDA43216F4 BaseClass:/Game/Enemies/BP_Enemy1.BP_Enemy1_C NativeClass:/Script/Paper2D.PaperCharacter Name:BP_Enemy1_C_UAID_902E16919801FDB001_1896341561 Label:BP_Enemy5 SpatiallyLoaded:0 Bounds:IsValid=true, Min=(X=3627.000 Y=871.600 Z=-7797.000), Max=(X=3680.800 Y=916.400 Z=-7757.000) RuntimeGrid:None EditorOnly:0 RuntimeOnly:0 HLODRelevant:0
 |   |   |- Guid:46947F304BF15D3793031CB23AA52496 BaseClass:/Game/Enemies/BP_Enemy3.BP_Enemy3_C NativeClass:/Script/Paper2D.PaperCharacter Name:BP_Enemy3_C_UAID_902E16919801A1B101_1300101450 Label:BP_Enemy39 SpatiallyLoaded:0 Bounds:IsValid=true, Min=(X=-887.000 Y=904.600 Z=-7809.000), Max=(X=-833.200 Y=949.400 Z=-7769.000) RuntimeGrid:None EditorOnly:0 RuntimeOnly:0 HLODRelevant:0
 |   |   |- Guid:46A851ED4EEA9906C19F05BBAAFA7A4C BaseClass:/Game/Enemies/BP_Enemy2.BP_Enemy2_C NativeClass:/Script/Paper2D.PaperCharacter Name:BP_Enemy2_C_UAID_902E169198019DB101_2033748730 Label:BP_Enemy26 SpatiallyLoaded:0 Bounds:IsValid=true, Min=(X=774.000 Y=957.600 Z=-7809.000), Max=(X=827.800 Y=1002.400 Z=-7769.000) RuntimeGrid:None EditorOnly:0 RuntimeOnly:0 HLODRelevant:0
 |   |   |- Guid:4771F7EE484B741A527883A4D80B83AE BaseClass:/Game/Enemies/BP_Enemy1.BP_Enemy1_C NativeClass:/Script/Paper2D.PaperCharacter Name:BP_Enemy1_C_UAID_902E169198019DB101_1919345714 Label:BP_Enemy14 SpatiallyLoaded:0 Bounds:IsValid=true, Min=(X=2567.000 Y=890.600 Z=-7809.000), Max=(X=2620.800 Y=935.400 Z=-7769.000) RuntimeGrid:None EditorOnly:0 RuntimeOnly:0 HLODRelevant:0
 |   |   |- Guid:5368FABB47D6D9580DAECA8B0417BF92 BaseClass: NativeClass:/Script/Engine.WorldDataLayers Name:WorldDataLayers Label:WorldDataLayers-1 SpatiallyLoaded:0 Bounds:IsValid=true, Min=(X=0.000 Y=0.000 Z=0.000), Max=(X=0.000 Y=0.000 Z=0.000) RuntimeGrid:None EditorOnly:0 RuntimeOnly:0 HLODRelevant:0
 |   |   |- Guid:5841C094415C84DA6E1960B75D129FAD BaseClass: NativeClass:/Script/Engine.BlockingVolume Name:BlockingVolume_UAID_902E169198011DAF01_2023337066 Label:BlockingVolume SpatiallyLoaded:1 Bounds:IsValid=true, Min=(X=4136.000 Y=881.000 Z=-7809.000), Max=(X=4140.000 Y=1131.000 Z=-7509.000) RuntimeGrid:None EditorOnly:0 RuntimeOnly:0 HLODRelevant:0
 |   |   |- Guid:59C94A7641900E5196BF288AA9474C9A BaseClass:/Game/Enemies/BP_Enemy3.BP_Enemy3_C NativeClass:/Script/Paper2D.PaperCharacter Name:BP_Enemy3_C_UAID_902E16919801A0B101_1988333267 Label:BP_Enemy34 SpatiallyLoaded:0 Bounds:IsValid=true, Min=(X=-61.000 Y=874.600 Z=-7809.000), Max=(X=-7.200 Y=919.400 Z=-7769.000) RuntimeGrid:None EditorOnly:0 RuntimeOnly:0 HLODRelevant:0
 |   |   |- Guid:60B207674F7FA6C41F2116AA5D2F98D8 BaseClass:/Game/Enemies/BP_Enemy1.BP_Enemy1_C NativeClass:/Script/Paper2D.PaperCharacter Name:BP_Enemy1_C_UAID_902E1691980197B101_1856072652 Label:BP_Enemy11 SpatiallyLoaded:0 Bounds:IsValid=true, Min=(X=3275.000 Y=958.600 Z=-7809.000), Max=(X=3328.800 Y=1003.400 Z=-7769.000) RuntimeGrid:None EditorOnly:0 RuntimeOnly:0 HLODRelevant:0
 |   |   |- Guid:656C5DE24F3C7EC43FB77A939C57FC06 BaseClass: NativeClass:/Script/Paper2D.PaperTileMapActor Name:PaperTileMapActor_UAID_902E16919801F6B001_2048804320 Label:TileSetGrass3 SpatiallyLoaded:1 Bounds:IsValid=true, Min=(X=1868.000 Y=429.000 Z=-7811.000), Max=(X=2708.000 Y=1041.000 Z=-7807.000) RuntimeGrid:None EditorOnly:0 RuntimeOnly:0 HLODRelevant:0
 |   |   |- Guid:6608302247B337633ED173BA5DAEB588 BaseClass:/Game/Enemies/BP_Enemy1.BP_Enemy1_C NativeClass:/Script/Paper2D.PaperCharacter Name:BP_Enemy1_C_UAID_902E16919801A0B101_1979507266 Label:BP_Enemy33 SpatiallyLoaded:0 Bounds:IsValid=true, Min=(X=75.000 Y=964.600 Z=-7809.000), Max=(X=128.800 Y=1009.400 Z=-7769.000) RuntimeGrid:None EditorOnly:0 RuntimeOnly:0 HLODRelevant:0
 |   |   |- Guid:69F0A0DD42BE55534E5BBEA1254286F5 BaseClass:/Game/Enemies/BP_Enemy1.BP_Enemy1_C NativeClass:/Script/Paper2D.PaperCharacter Name:BP_Enemy1_C_UAID_902E169198019DB101_1968720723 Label:BP_Enemy19 SpatiallyLoaded:0 Bounds:IsValid=true, Min=(X=1619.135 Y=917.067 Z=-7797.000), Max=(X=1672.935 Y=961.867 Z=-7757.000) RuntimeGrid:None EditorOnly:0 RuntimeOnly:0 HLODRelevant:0
 |   |   |- Guid:6C003562400451238C168086D8B748BA BaseClass:/Game/Enemies/BP_Enemy3.BP_Enemy3_C NativeClass:/Script/Paper2D.PaperCharacter Name:BP_Enemy3_C_UAID_902E16919801A0B101_2002716270 Label:BP_Enemy37 SpatiallyLoaded:0 Bounds:IsValid=true, Min=(X=-424.000 Y=886.600 Z=-7809.000), Max=(X=-370.200 Y=931.400 Z=-7769.000) RuntimeGrid:None EditorOnly:0 RuntimeOnly:0 HLODRelevant:0
 |   |   |- Guid:6ECFE131449088ED66DAA4A8809580F6 BaseClass:/Game/Enemies/BP_Enemy2.BP_Enemy2_C NativeClass:/Script/Paper2D.PaperCharacter Name:BP_Enemy2_C_UAID_902E169198019DB101_2036522731 Label:BP_Enemy27 SpatiallyLoaded:0 Bounds:IsValid=true, Min=(X=752.000 Y=879.600 Z=-7809.000), Max=(X=805.800 Y=924.400 Z=-7769.000) RuntimeGrid:None EditorOnly:0 RuntimeOnly:0 HLODRelevant:0
 |   |   |- Guid:6F75B9934D530ADA539967BFD6B3D1BB BaseClass:/Game/Enemies/BP_Enemy2.BP_Enemy2_C NativeClass:/Script/Paper2D.PaperCharacter Name:BP_Enemy2_C_UAID_902E1691980197B101_1312734648 Label:BP_Enemy7 SpatiallyLoaded:0 Bounds:IsValid=true, Min=(X=3156.000 Y=965.600 Z=-7809.000), Max=(X=3209.800 Y=1010.400 Z=-7769.000) RuntimeGrid:None EditorOnly:0 RuntimeOnly:0 HLODRelevant:0
 |   |   |- Guid:7386D8D944D09ABB34D3EEB28CBC88CF BaseClass:/Game/Enemies/BP_Enemy2.BP_Enemy2_C NativeClass:/Script/Paper2D.PaperCharacter Name:BP_Enemy2_C_UAID_902E16919801A1B101_1302833451 Label:BP_Enemy40 SpatiallyLoaded:0 Bounds:IsValid=true, Min=(X=-985.000 Y=970.600 Z=-7809.000), Max=(X=-931.200 Y=1015.400 Z=-7769.000) RuntimeGrid:None EditorOnly:0 RuntimeOnly:0 HLODRelevant:0
 |   |   |- Guid:73C588C94592C94E1A8982AFF2C9BAF6 BaseClass:/Game/Enemies/BP_Enemy1.BP_Enemy1_C NativeClass:/Script/Paper2D.PaperCharacter Name:BP_Enemy1_C_UAID_902E16919801FDB001_1891628560 Label:BP_Enemy4 SpatiallyLoaded:0 Bounds:IsValid=true, Min=(X=3626.000 Y=968.600 Z=-7797.000), Max=(X=3679.800 Y=1013.400 Z=-7757.000) RuntimeGrid:None EditorOnly:0 RuntimeOnly:0 HLODRelevant:0
 |   |   |- Guid:7A8310134E420A11730ADAB3792B2744 BaseClass:/Game/Enemies/BP_Enemy3.BP_Enemy3_C NativeClass:/Script/Paper2D.PaperCharacter Name:BP_Enemy3_C_UAID_902E169198019DB101_1943187721 Label:BP_Enemy17 SpatiallyLoaded:0 Bounds:IsValid=true, Min=(X=2123.000 Y=966.600 Z=-7809.000), Max=(X=2176.800 Y=1011.400 Z=-7769.000) RuntimeGrid:None EditorOnly:0 RuntimeOnly:0 HLODRelevant:0
 |   |   |- Guid:7C6712524B12E8E515A7A586998740C0 BaseClass:/Game/Enemies/BP_Enemy2.BP_Enemy2_C NativeClass:/Script/Paper2D.PaperCharacter Name:BP_Enemy2_C_UAID_902E169198019DB101_1991215725 Label:BP_Enemy21 SpatiallyLoaded:0 Bounds:IsValid=true, Min=(X=1555.000 Y=877.600 Z=-7809.000), Max=(X=1608.800 Y=922.400 Z=-7769.000) RuntimeGrid:None EditorOnly:0 RuntimeOnly:0 HLODRelevant:0
 |   |   |- Guid:7CAB04CC414A194356D805AF72F63AC5 BaseClass: NativeClass:/Script/Engine.BlockingVolume Name:BlockingVolume_UAID_902E1691980160AA01_1698749575 Label:BlockingVolume2 SpatiallyLoaded:1 Bounds:IsValid=true, Min=(X=-10853.000 Y=861.000 Z=-7809.000), Max=(X=9147.000 Y=865.000 Z=-7659.000) RuntimeGrid:None EditorOnly:0 RuntimeOnly:0 HLODRelevant:0
 |   |   |- Guid:7E5DB4B941384687CB9FF5B53D2E7C52 BaseClass:/Game/Enemies/BP_Enemy3.BP_Enemy3_C NativeClass:/Script/Paper2D.PaperCharacter Name:BP_Enemy3_C_UAID_902E169198019DB101_1946105722 Label:BP_Enemy18 SpatiallyLoaded:0 Bounds:IsValid=true, Min=(X=2115.000 Y=857.600 Z=-7809.000), Max=(X=2168.800 Y=902.400 Z=-7769.000) RuntimeGrid:None EditorOnly:0 RuntimeOnly:0 HLODRelevant:0
 |   |   |- Guid:7F0F25C8458810EE9EFB36AEF8420CD9 BaseClass:/Game/Enemies/BP_Enemy4.BP_Enemy4_C NativeClass:/Script/Paper2D.PaperCharacter Name:BP_Enemy4_C_UAID_902E169198019DB101_1912944712 Label:BP_Enemy9 SpatiallyLoaded:0 Bounds:IsValid=true, Min=(X=1903.000 Y=939.600 Z=-7809.000), Max=(X=1956.800 Y=984.400 Z=-7769.000) RuntimeGrid:None EditorOnly:0 RuntimeOnly:0 HLODRelevant:0
 |   |   |- Guid:88A4970F4E89D1B6984B9FB171654D47 BaseClass:/Game/Enemies/BP_Enemy4.BP_Enemy4_C NativeClass:/Script/Paper2D.PaperCharacter Name:BP_Enemy4_C_UAID_902E16919801A0B101_1996638268 Label:BP_Enemy35 SpatiallyLoaded:0 Bounds:IsValid=true, Min=(X=-221.000 Y=940.600 Z=-7809.000), Max=(X=-167.200 Y=985.400 Z=-7769.000) RuntimeGrid:None EditorOnly:0 RuntimeOnly:0 HLODRelevant:0
 |   |   |- Guid:8B80445E47DB24F5CA03638A996849CD BaseClass:/Game/TestausHahmo/BP_Character.BP_Character_C NativeClass:/Script/Paper2D.PaperCharacter Name:BP_Character_C_UAID_902E1691980138A201_1079428087 Label:BP_Character SpatiallyLoaded:1 Bounds:IsValid=true, Min=(X=4079.000 Y=896.000 Z=-7810.000), Max=(X=4132.000 Y=936.000 Z=-7770.000) RuntimeGrid:None EditorOnly:0 RuntimeOnly:0 HLODRelevant:0
 |   |   |- Guid:93547FBA4A5A30F14A1782BF18DD7C90 BaseClass:/Game/Enemies/BP_Enemy1.BP_Enemy1_C NativeClass:/Script/Paper2D.PaperCharacter Name:BP_Enemy1_C_UAID_902E16919801A1B101_1312248453 Label:BP_Enemy42 SpatiallyLoaded:0 Bounds:IsValid=true, Min=(X=-1200.000 Y=970.600 Z=-7809.000), Max=(X=-1146.200 Y=1015.400 Z=-7769.000) RuntimeGrid:None EditorOnly:0 RuntimeOnly:0 HLODRelevant:0
 |   |   |- Guid:A25037E6428456163739FD8B90BBA99B BaseClass: NativeClass:/Script/Paper2D.PaperTileMapActor Name:PaperTileMapActor_UAID_902E16919801F6B001_1824765318 Label:TileSetGrass2 SpatiallyLoaded:1 Bounds:IsValid=true, Min=(X=2708.000 Y=429.000 Z=-7811.000), Max=(X=3548.000 Y=1041.000 Z=-7807.000) RuntimeGrid:None EditorOnly:0 RuntimeOnly:0 HLODRelevant:0
 |   |   |- Guid:A4647E9C42C3E77DD08DB1A4DD5EDB9B BaseClass: NativeClass:/Script/Engine.BlockingVolume Name:BlockingVolume_UAID_902E16919801E4B101_1906775203 Label:BlockingVolume6 SpatiallyLoaded:0 Bounds:IsValid=true, Min=(X=2647.355 Y=721.840 Z=-7834.000), Max=(X=2697.355 Y=1021.840 Z=-7584.000) RuntimeGrid:None EditorOnly:0 RuntimeOnly:0 HLODRelevant:0
 |   |   |- Guid:A5E2B35F44C45B1C56338DB3137883E0 BaseClass: NativeClass:/Script/Engine.BlockingVolume Name:BlockingVolume_UAID_902E169198017DAD01_1699119847 Label:BlockingVolume3 SpatiallyLoaded:0 Bounds:IsValid=true, Min=(X=3491.355 Y=720.840 Z=-7834.000), Max=(X=3541.355 Y=1020.840 Z=-7584.000) RuntimeGrid:None EditorOnly:0 RuntimeOnly:0 HLODRelevant:0
 |   |   |- Guid:A83AA45D460E510A11851BA7EAF176BA BaseClass:/Game/Enemies/BP_Enemy4.BP_Enemy4_C NativeClass:/Script/Paper2D.PaperCharacter Name:BP_Enemy4_C_UAID_902E16919801A1B101_1309829452 Label:BP_Enemy41 SpatiallyLoaded:0 Bounds:IsValid=true, Min=(X=-1394.000 Y=947.600 Z=-7809.000), Max=(X=-1340.200 Y=992.400 Z=-7769.000) RuntimeGrid:None EditorOnly:0 RuntimeOnly:0 HLODRelevant:0
 |   |   |- Guid:A9A279874EF721DE2C78FCA4CA382594 BaseClass: NativeClass:/Script/NavigationSystem.NavMeshBoundsVolume Name:NavMeshBoundsVolume_UAID_902E16919801E8A601_1224383288 Label:NavMeshBoundsVolume SpatiallyLoaded:0 Bounds:IsValid=true, Min=(X=-6056.010 Y=173.191 Z=-8334.000), Max=(X=4193.990 Y=1423.191 Z=-7284.000) RuntimeGrid:None EditorOnly:0 RuntimeOnly:0 HLODRelevant:0
 |   |   |- Guid:AA1241F14C3AACA0CF3623857A717FDE BaseClass: NativeClass:/Script/Paper2D.PaperSpriteActor Name:PaperSpriteActor_UAID_902E16919801FBB001_1200029205 Label:Sky_Sprite SpatiallyLoaded:1 Bounds:IsValid=true, Min=(X=-7815.773 Y=1028.000 Z=-7812.000), Max=(X=5957.773 Y=1268.000 Z=-7800.000) RuntimeGrid:None EditorOnly:0 RuntimeOnly:0 HLODRelevant:0
 |   |   |- Guid:AC03B3DB4D16A5B0424C9BA793735515 BaseClass:/Game/Enemies/BP_Enemy2.BP_Enemy2_C NativeClass:/Script/Paper2D.PaperCharacter Name:BP_Enemy2_C_UAID_902E1691980197B101_1281114647 Label:BP_Enemy6 SpatiallyLoaded:0 Bounds:IsValid=true, Min=(X=3306.000 Y=868.600 Z=-7809.000), Max=(X=3359.800 Y=913.400 Z=-7769.000) RuntimeGrid:None EditorOnly:0 RuntimeOnly:0 HLODRelevant:0
 |   |   |- Guid:B11E52BD4FAA85254315CF8E6DC634AB BaseClass: NativeClass:/Script/Paper2D.PaperTileMapActor Name:PaperTileMapActor_UAID_902E16919801FAB001_1827039026 Label:TileSetGrass5 SpatiallyLoaded:1 Bounds:IsValid=true, Min=(X=246.000 Y=430.000 Z=-7811.000), Max=(X=1086.000 Y=1042.000 Z=-7807.000) RuntimeGrid:None EditorOnly:0 RuntimeOnly:0 HLODRelevant:0
 |   |   |- Guid:B45C802740FDA0C22FB5BDA73D922A91 BaseClass:/Game/Enemies/BP_Enemy1.BP_Enemy1_C NativeClass:/Script/Paper2D.PaperCharacter Name:BP_Enemy1_C_UAID_902E1691980197B101_1860330653 Label:BP_Enemy12 SpatiallyLoaded:0 Bounds:IsValid=true, Min=(X=2802.000 Y=875.600 Z=-7809.000), Max=(X=2855.800 Y=920.400 Z=-7769.000) RuntimeGrid:None EditorOnly:0 RuntimeOnly:0 HLODRelevant:0
 |   |   |- Guid:B603194A4D0E9AC615843EA0A99BD577 BaseClass:/Game/Enemies/BP_Enemy2.BP_Enemy2_C NativeClass:/Script/Paper2D.PaperCharacter Name:BP_Enemy2_C_UAID_902E1691980197B101_1317692649 Label:BP_Enemy8 SpatiallyLoaded:0 Bounds:IsValid=true, Min=(X=2962.000 Y=918.600 Z=-7809.000), Max=(X=3015.800 Y=963.400 Z=-7769.000) RuntimeGrid:None EditorOnly:0 RuntimeOnly:0 HLODRelevant:0
 |   |   |- Guid:B76AD3C345A388C83EA651A742AE3F08 BaseClass:/Game/Enemies/BP_Enemy1.BP_Enemy1_C NativeClass:/Script/Paper2D.PaperCharacter Name:BP_Enemy1_C_UAID_902E169198011DAF01_1948172065 Label:BP_Enemy1 SpatiallyLoaded:0 Bounds:IsValid=true, Min=(X=3848.000 Y=902.600 Z=-7809.000), Max=(X=3901.800 Y=947.400 Z=-7769.000) RuntimeGrid:None EditorOnly:0 RuntimeOnly:0 HLODRelevant:0
 |   |   |- Guid:BDC256D94E623ACACAF97D85B19ECAC1 BaseClass:/Game/Enemies/BP_Enemy1.BP_Enemy1_C NativeClass:/Script/Paper2D.PaperCharacter Name:BP_Enemy1_C_UAID_902E169198019DB101_1916343713 Label:BP_Enemy13 SpatiallyLoaded:0 Bounds:IsValid=true, Min=(X=2564.000 Y=966.600 Z=-7809.000), Max=(X=2617.800 Y=1011.400 Z=-7769.000) RuntimeGrid:None EditorOnly:0 RuntimeOnly:0 HLODRelevant:0
 |   |   |- Guid:C39677EB48BBEAF439D2A1BAA920EC2B BaseClass:/Game/Enemies/BP_Enemy1.BP_Enemy1_C NativeClass:/Script/Paper2D.PaperCharacter Name:BP_Enemy1_C_UAID_902E169198019DB101_2038757732 Label:BP_Enemy28 SpatiallyLoaded:0 Bounds:IsValid=true, Min=(X=583.000 Y=933.600 Z=-7809.000), Max=(X=636.800 Y=978.400 Z=-7769.000) RuntimeGrid:None EditorOnly:0 RuntimeOnly:0 HLODRelevant:0
 |   |   |- Guid:CFA0D1FA45CCA6C97EA52D9EE4D240C8 BaseClass:/Game/Enemies/BP_Enemy1.BP_Enemy1_C NativeClass:/Script/Paper2D.PaperCharacter Name:BP_Enemy1_C_UAID_902E169198019DB101_2041295733 Label:BP_Enemy29 SpatiallyLoaded:0 Bounds:IsValid=true, Min=(X=576.000 Y=876.600 Z=-7809.000), Max=(X=629.800 Y=921.400 Z=-7769.000) RuntimeGrid:None EditorOnly:0 RuntimeOnly:0 HLODRelevant:0
 |   |   |- Guid:D244F033455CF3C838B1BDB9CBDD2EC4 BaseClass: NativeClass:/Script/Paper2D.PaperTileMapActor Name:PaperTileMapActor_UAID_902E16919801FAB001_1745584025 Label:TileSetGrass4 SpatiallyLoaded:1 Bounds:IsValid=true, Min=(X=1028.000 Y=430.000 Z=-7811.000), Max=(X=1868.000 Y=1042.000 Z=-7807.000) RuntimeGrid:None EditorOnly:0 RuntimeOnly:0 HLODRelevant:0
 |   |   |- Guid:DE8162A94ED3491F7178E1896B1A091D BaseClass:/Game/Enemies/BP_Enemy3.BP_Enemy3_C NativeClass:/Script/Paper2D.PaperCharacter Name:BP_Enemy3_C_UAID_902E169198019DB101_1996700726 Label:BP_Enemy22 SpatiallyLoaded:0 Bounds:IsValid=true, Min=(X=1104.000 Y=925.600 Z=-7809.000), Max=(X=1157.800 Y=970.400 Z=-7769.000) RuntimeGrid:None EditorOnly:0 RuntimeOnly:0 HLODRelevant:0
 |   |   |- Guid:E2E322184E2197B7ED9F0BBEAEB8CA03 BaseClass: NativeClass:/Script/Engine.BlockingVolume Name:BlockingVolume_UAID_902E169198018CAD01_1613961493 Label:BlockingVolume4 SpatiallyLoaded:1 Bounds:IsValid=true, Min=(X=-10852.000 Y=1053.000 Z=-7809.000), Max=(X=9148.000 Y=1057.000 Z=-7659.000) RuntimeGrid:None EditorOnly:0 RuntimeOnly:0 HLODRelevant:0
 |   |   |- Guid:F2B288C04101A0D7482889A9399E7F09 BaseClass:/Game/Enemies/BP_Enemy2.BP_Enemy2_C NativeClass:/Script/Paper2D.PaperCharacter Name:BP_Enemy2_C_UAID_902E169198019DB101_1937404719 Label:BP_Enemy15 SpatiallyLoaded:0 Bounds:IsValid=true, Min=(X=2355.000 Y=968.600 Z=-7809.000), Max=(X=2408.800 Y=1013.400 Z=-7769.000) RuntimeGrid:None EditorOnly:0 RuntimeOnly:0 HLODRelevant:0
 |   |   |- Guid:FC1DBAC24F252FBB70951B893267B164 BaseClass:/Game/Enemies/BP_Enemy2.BP_Enemy2_C NativeClass:/Script/Paper2D.PaperCharacter Name:BP_Enemy2_C_UAID_902E1691980197B101_1844385651 Label:BP_Enemy10 SpatiallyLoaded:0 Bounds:IsValid=true, Min=(X=2805.000 Y=968.600 Z=-7809.000), Max=(X=2858.800 Y=1013.400 Z=-7769.000) RuntimeGrid:None EditorOnly:0 RuntimeOnly:0 HLODRelevant:0
 |   |   |- Guid:FE28F2494732BB9A3D31B0A13DBF0255 BaseClass:/Game/Enemies/BP_Enemy3.BP_Enemy3_C NativeClass:/Script/Paper2D.PaperCharacter Name:BP_Enemy3_C_UAID_902E169198019DB101_2028348729 Label:BP_Enemy25 SpatiallyLoaded:0 Bounds:IsValid=true, Min=(X=882.000 Y=934.600 Z=-7809.000), Max=(X=935.800 Y=979.400 Z=-7769.000) RuntimeGrid:None EditorOnly:0 RuntimeOnly:0 HLODRelevant:0
 |   |- [+] Clusters:
 |   |   |- [+] [  0]
 |   |   |   |- Guid:2BE1E7654D534F786FDB7D822548D9CE BaseClass:/Game/Enemies/BP_Enemy3.BP_Enemy3_C NativeClass:/Script/Paper2D.PaperCharacter Name:BP_Enemy3_C_UAID_902E169198019DB101_1999571727 Label:BP_Enemy23 SpatiallyLoaded:0 Bounds:IsValid=true, Min=(X=1087.000 Y=869.600 Z=-7809.000), Max=(X=1140.800 Y=914.400 Z=-7769.000) RuntimeGrid:None EditorOnly:0 RuntimeOnly:0 HLODRelevant:0
 |   |   |- [+] [  1]
 |   |   |   |- Guid:BDC256D94E623ACACAF97D85B19ECAC1 BaseClass:/Game/Enemies/BP_Enemy1.BP_Enemy1_C NativeClass:/Script/Paper2D.PaperCharacter Name:BP_Enemy1_C_UAID_902E169198019DB101_1916343713 Label:BP_Enemy13 SpatiallyLoaded:0 Bounds:IsValid=true, Min=(X=2564.000 Y=966.600 Z=-7809.000), Max=(X=2617.800 Y=1011.400 Z=-7769.000) RuntimeGrid:None EditorOnly:0 RuntimeOnly:0 HLODRelevant:0
 |   |   |- [+] [  2]
 |   |   |   |- Guid:36C4FE9A4CBD3CD6C95291BE81AEF873 BaseClass: NativeClass:/Script/Engine.BlockingVolume Name:BlockingVolume_UAID_902E16919801A0B101_2023573271 Label:BlockingVolume5 SpatiallyLoaded:1 Bounds:IsValid=true, Min=(X=-5920.000 Y=882.000 Z=-7809.000), Max=(X=-5916.000 Y=1132.000 Z=-7509.000) RuntimeGrid:None EditorOnly:0 RuntimeOnly:0 HLODRelevant:0
 |   |   |- [+] [  3]
 |   |   |   |- Guid:6ECFE131449088ED66DAA4A8809580F6 BaseClass:/Game/Enemies/BP_Enemy2.BP_Enemy2_C NativeClass:/Script/Paper2D.PaperCharacter Name:BP_Enemy2_C_UAID_902E169198019DB101_2036522731 Label:BP_Enemy27 SpatiallyLoaded:0 Bounds:IsValid=true, Min=(X=752.000 Y=879.600 Z=-7809.000), Max=(X=805.800 Y=924.400 Z=-7769.000) RuntimeGrid:None EditorOnly:0 RuntimeOnly:0 HLODRelevant:0
 |   |   |- [+] [  4]
 |   |   |   |- Guid:73C588C94592C94E1A8982AFF2C9BAF6 BaseClass:/Game/Enemies/BP_Enemy1.BP_Enemy1_C NativeClass:/Script/Paper2D.PaperCharacter Name:BP_Enemy1_C_UAID_902E16919801FDB001_1891628560 Label:BP_Enemy4 SpatiallyLoaded:0 Bounds:IsValid=true, Min=(X=3626.000 Y=968.600 Z=-7797.000), Max=(X=3679.800 Y=1013.400 Z=-7757.000) RuntimeGrid:None EditorOnly:0 RuntimeOnly:0 HLODRelevant:0
 |   |   |- [+] [  5]
 |   |   |   |- Guid:46947F304BF15D3793031CB23AA52496 BaseClass:/Game/Enemies/BP_Enemy3.BP_Enemy3_C NativeClass:/Script/Paper2D.PaperCharacter Name:BP_Enemy3_C_UAID_902E16919801A1B101_1300101450 Label:BP_Enemy39 SpatiallyLoaded:0 Bounds:IsValid=true, Min=(X=-887.000 Y=904.600 Z=-7809.000), Max=(X=-833.200 Y=949.400 Z=-7769.000) RuntimeGrid:None EditorOnly:0 RuntimeOnly:0 HLODRelevant:0
 |   |   |- [+] [  6]
 |   |   |   |- Guid:CFA0D1FA45CCA6C97EA52D9EE4D240C8 BaseClass:/Game/Enemies/BP_Enemy1.BP_Enemy1_C NativeClass:/Script/Paper2D.PaperCharacter Name:BP_Enemy1_C_UAID_902E169198019DB101_2041295733 Label:BP_Enemy29 SpatiallyLoaded:0 Bounds:IsValid=true, Min=(X=576.000 Y=876.600 Z=-7809.000), Max=(X=629.800 Y=921.400 Z=-7769.000) RuntimeGrid:None EditorOnly:0 RuntimeOnly:0 HLODRelevant:0
 |   |   |- [+] [  7]
 |   |   |   |- Guid:B11E52BD4FAA85254315CF8E6DC634AB BaseClass: NativeClass:/Script/Paper2D.PaperTileMapActor Name:PaperTileMapActor_UAID_902E16919801FAB001_1827039026 Label:TileSetGrass5 SpatiallyLoaded:1 Bounds:IsValid=true, Min=(X=246.000 Y=430.000 Z=-7811.000), Max=(X=1086.000 Y=1042.000 Z=-7807.000) RuntimeGrid:None EditorOnly:0 RuntimeOnly:0 HLODRelevant:0
 |   |   |- [+] [  8]
 |   |   |   |- Guid:FC1DBAC24F252FBB70951B893267B164 BaseClass:/Game/Enemies/BP_Enemy2.BP_Enemy2_C NativeClass:/Script/Paper2D.PaperCharacter Name:BP_Enemy2_C_UAID_902E1691980197B101_1844385651 Label:BP_Enemy10 SpatiallyLoaded:0 Bounds:IsValid=true, Min=(X=2805.000 Y=968.600 Z=-7809.000), Max=(X=2858.800 Y=1013.400 Z=-7769.000) RuntimeGrid:None EditorOnly:0 RuntimeOnly:0 HLODRelevant:0
 |   |   |- [+] [  9]
 |   |   |   |- Guid:F2B288C04101A0D7482889A9399E7F09 BaseClass:/Game/Enemies/BP_Enemy2.BP_Enemy2_C NativeClass:/Script/Paper2D.PaperCharacter Name:BP_Enemy2_C_UAID_902E169198019DB101_1937404719 Label:BP_Enemy15 SpatiallyLoaded:0 Bounds:IsValid=true, Min=(X=2355.000 Y=968.600 Z=-7809.000), Max=(X=2408.800 Y=1013.400 Z=-7769.000) RuntimeGrid:None EditorOnly:0 RuntimeOnly:0 HLODRelevant:0
 |   |   |- [+] [ 10]
 |   |   |   |- Guid:93547FBA4A5A30F14A1782BF18DD7C90 BaseClass:/Game/Enemies/BP_Enemy1.BP_Enemy1_C NativeClass:/Script/Paper2D.PaperCharacter Name:BP_Enemy1_C_UAID_902E16919801A1B101_1312248453 Label:BP_Enemy42 SpatiallyLoaded:0 Bounds:IsValid=true, Min=(X=-1200.000 Y=970.600 Z=-7809.000), Max=(X=-1146.200 Y=1015.400 Z=-7769.000) RuntimeGrid:None EditorOnly:0 RuntimeOnly:0 HLODRelevant:0
 |   |   |- [+] [ 11]
 |   |   |   |- Guid:2024FD8644D6EC0AE4C54B8FD589AEB1 BaseClass: NativeClass:/Script/Paper2D.PaperTileMapActor Name:PaperTileMapActor_UAID_902E16919801A1B101_1095671448 Label:TileSet_Tiles2 SpatiallyLoaded:1 Bounds:IsValid=true, Min=(X=-1435.000 Y=429.000 Z=-7811.000), Max=(X=-595.000 Y=1041.000 Z=-7807.000) RuntimeGrid:None EditorOnly:0 RuntimeOnly:0 HLODRelevant:0
 |   |   |- [+] [ 12]
 |   |   |   |- Guid:D244F033455CF3C838B1BDB9CBDD2EC4 BaseClass: NativeClass:/Script/Paper2D.PaperTileMapActor Name:PaperTileMapActor_UAID_902E16919801FAB001_1745584025 Label:TileSetGrass4 SpatiallyLoaded:1 Bounds:IsValid=true, Min=(X=1028.000 Y=430.000 Z=-7811.000), Max=(X=1868.000 Y=1042.000 Z=-7807.000) RuntimeGrid:None EditorOnly:0 RuntimeOnly:0 HLODRelevant:0
 |   |   |- [+] [ 13]
 |   |   |   |- Guid:A5E2B35F44C45B1C56338DB3137883E0 BaseClass: NativeClass:/Script/Engine.BlockingVolume Name:BlockingVolume_UAID_902E169198017DAD01_1699119847 Label:BlockingVolume3 SpatiallyLoaded:0 Bounds:IsValid=true, Min=(X=3491.355 Y=720.840 Z=-7834.000), Max=(X=3541.355 Y=1020.840 Z=-7584.000) RuntimeGrid:None EditorOnly:0 RuntimeOnly:0 HLODRelevant:0
 |   |   |- [+] [ 14]
 |   |   |   |- Guid:A9A279874EF721DE2C78FCA4CA382594 BaseClass: NativeClass:/Script/NavigationSystem.NavMeshBoundsVolume Name:NavMeshBoundsVolume_UAID_902E16919801E8A601_1224383288 Label:NavMeshBoundsVolume SpatiallyLoaded:0 Bounds:IsValid=true, Min=(X=-6056.010 Y=173.191 Z=-8334.000), Max=(X=4193.990 Y=1423.191 Z=-7284.000) RuntimeGrid:None EditorOnly:0 RuntimeOnly:0 HLODRelevant:0
 |   |   |- [+] [ 15]
 |   |   |   |- Guid:4771F7EE484B741A527883A4D80B83AE BaseClass:/Game/Enemies/BP_Enemy1.BP_Enemy1_C NativeClass:/Script/Paper2D.PaperCharacter Name:BP_Enemy1_C_UAID_902E169198019DB101_1919345714 Label:BP_Enemy14 SpatiallyLoaded:0 Bounds:IsValid=true, Min=(X=2567.000 Y=890.600 Z=-7809.000), Max=(X=2620.800 Y=935.400 Z=-7769.000) RuntimeGrid:None EditorOnly:0 RuntimeOnly:0 HLODRelevant:0
 |   |   |- [+] [ 16]
 |   |   |   |- Guid:0DBF492C4D4545912DED39BC38CACE06 BaseClass:/Game/Enemies/BP_Enemy1.BP_Enemy1_C NativeClass:/Script/Paper2D.PaperCharacter Name:BP_Enemy1_C_UAID_902E16919801A0B101_1976195264 Label:BP_Enemy31 SpatiallyLoaded:0 Bounds:IsValid=true, Min=(X=139.000 Y=871.600 Z=-7809.000), Max=(X=192.800 Y=916.400 Z=-7769.000) RuntimeGrid:None EditorOnly:0 RuntimeOnly:0 HLODRelevant:0
 |   |   |- [+] [ 17]
 |   |   |   |- Guid:5841C094415C84DA6E1960B75D129FAD BaseClass: NativeClass:/Script/Engine.BlockingVolume Name:BlockingVolume_UAID_902E169198011DAF01_2023337066 Label:BlockingVolume SpatiallyLoaded:1 Bounds:IsValid=true, Min=(X=4136.000 Y=881.000 Z=-7809.000), Max=(X=4140.000 Y=1131.000 Z=-7509.000) RuntimeGrid:None EditorOnly:0 RuntimeOnly:0 HLODRelevant:0
 |   |   |- [+] [ 18]
 |   |   |   |- Guid:030BADB2457CC24E67874DAD85BF4A5E BaseClass:/Game/Enemies/BP_Enemy3.BP_Enemy3_C NativeClass:/Script/Paper2D.PaperCharacter Name:BP_Enemy3_C_UAID_902E16919801A0B101_1998876269 Label:BP_Enemy36 SpatiallyLoaded:0 Bounds:IsValid=true, Min=(X=-366.000 Y=968.600 Z=-7809.000), Max=(X=-312.200 Y=1013.400 Z=-7769.000) RuntimeGrid:None EditorOnly:0 RuntimeOnly:0 HLODRelevant:0
 |   |   |- [+] [ 19]
 |   |   |   |- Guid:FE28F2494732BB9A3D31B0A13DBF0255 BaseClass:/Game/Enemies/BP_Enemy3.BP_Enemy3_C NativeClass:/Script/Paper2D.PaperCharacter Name:BP_Enemy3_C_UAID_902E169198019DB101_2028348729 Label:BP_Enemy25 SpatiallyLoaded:0 Bounds:IsValid=true, Min=(X=882.000 Y=934.600 Z=-7809.000), Max=(X=935.800 Y=979.400 Z=-7769.000) RuntimeGrid:None EditorOnly:0 RuntimeOnly:0 HLODRelevant:0
 |   |   |- [+] [ 20]
 |   |   |   |- Guid:B45C802740FDA0C22FB5BDA73D922A91 BaseClass:/Game/Enemies/BP_Enemy1.BP_Enemy1_C NativeClass:/Script/Paper2D.PaperCharacter Name:BP_Enemy1_C_UAID_902E1691980197B101_1860330653 Label:BP_Enemy12 SpatiallyLoaded:0 Bounds:IsValid=true, Min=(X=2802.000 Y=875.600 Z=-7809.000), Max=(X=2855.800 Y=920.400 Z=-7769.000) RuntimeGrid:None EditorOnly:0 RuntimeOnly:0 HLODRelevant:0
 |   |   |- [+] [ 21]
 |   |   |   |- Guid:AA1241F14C3AACA0CF3623857A717FDE BaseClass: NativeClass:/Script/Paper2D.PaperSpriteActor Name:PaperSpriteActor_UAID_902E16919801FBB001_1200029205 Label:Sky_Sprite SpatiallyLoaded:1 Bounds:IsValid=true, Min=(X=-7815.773 Y=1028.000 Z=-7812.000), Max=(X=5957.773 Y=1268.000 Z=-7800.000) RuntimeGrid:None EditorOnly:0 RuntimeOnly:0 HLODRelevant:0
 |   |   |- [+] [ 22]
 |   |   |   |- Guid:17EEBA054D69661B055AC293733CCE58 BaseClass:/Game/Enemies/BP_Enemy1.BP_Enemy1_C NativeClass:/Script/Paper2D.PaperCharacter Name:BP_Enemy1_C_UAID_902E169198019DB101_1983833724 Label:BP_Enemy20 SpatiallyLoaded:0 Bounds:IsValid=true, Min=(X=1543.000 Y=952.600 Z=-7809.000), Max=(X=1596.800 Y=997.400 Z=-7769.000) RuntimeGrid:None EditorOnly:0 RuntimeOnly:0 HLODRelevant:0
 |   |   |- [+] [ 23]
 |   |   |   |- Guid:244E17BB4EF97CC1788C168CCBF5AAF3 BaseClass:/Game/Enemies/BP_Enemy1.BP_Enemy1_C NativeClass:/Script/Paper2D.PaperCharacter Name:BP_Enemy1_C_UAID_902E16919801FDB001_1879744558 Label:BP_Enemy2 SpatiallyLoaded:0 Bounds:IsValid=true, Min=(X=3748.000 Y=968.600 Z=-7809.000), Max=(X=3801.800 Y=1013.400 Z=-7769.000) RuntimeGrid:None EditorOnly:0 RuntimeOnly:0 HLODRelevant:0
 |   |   |- [+] [ 24]
 |   |   |   |- Guid:69F0A0DD42BE55534E5BBEA1254286F5 BaseClass:/Game/Enemies/BP_Enemy1.BP_Enemy1_C NativeClass:/Script/Paper2D.PaperCharacter Name:BP_Enemy1_C_UAID_902E169198019DB101_1968720723 Label:BP_Enemy19 SpatiallyLoaded:0 Bounds:IsValid=true, Min=(X=1619.135 Y=917.067 Z=-7797.000), Max=(X=1672.935 Y=961.867 Z=-7757.000) RuntimeGrid:None EditorOnly:0 RuntimeOnly:0 HLODRelevant:0
 |   |   |- [+] [ 25]
 |   |   |   |- Guid:5368FABB47D6D9580DAECA8B0417BF92 BaseClass: NativeClass:/Script/Engine.WorldDataLayers Name:WorldDataLayers Label:WorldDataLayers-1 SpatiallyLoaded:0 Bounds:IsValid=true, Min=(X=0.000 Y=0.000 Z=0.000), Max=(X=0.000 Y=0.000 Z=0.000) RuntimeGrid:None EditorOnly:0 RuntimeOnly:0 HLODRelevant:0
 |   |   |- [+] [ 26]
 |   |   |   |- Guid:AC03B3DB4D16A5B0424C9BA793735515 BaseClass:/Game/Enemies/BP_Enemy2.BP_Enemy2_C NativeClass:/Script/Paper2D.PaperCharacter Name:BP_Enemy2_C_UAID_902E1691980197B101_1281114647 Label:BP_Enemy6 SpatiallyLoaded:0 Bounds:IsValid=true, Min=(X=3306.000 Y=868.600 Z=-7809.000), Max=(X=3359.800 Y=913.400 Z=-7769.000) RuntimeGrid:None EditorOnly:0 RuntimeOnly:0 HLODRelevant:0
 |   |   |- [+] [ 27]
 |   |   |   |- Guid:46A851ED4EEA9906C19F05BBAAFA7A4C BaseClass:/Game/Enemies/BP_Enemy2.BP_Enemy2_C NativeClass:/Script/Paper2D.PaperCharacter Name:BP_Enemy2_C_UAID_902E169198019DB101_2033748730 Label:BP_Enemy26 SpatiallyLoaded:0 Bounds:IsValid=true, Min=(X=774.000 Y=957.600 Z=-7809.000), Max=(X=827.800 Y=1002.400 Z=-7769.000) RuntimeGrid:None EditorOnly:0 RuntimeOnly:0 HLODRelevant:0
 |   |   |- [+] [ 28]
 |   |   |   |- Guid:A83AA45D460E510A11851BA7EAF176BA BaseClass:/Game/Enemies/BP_Enemy4.BP_Enemy4_C NativeClass:/Script/Paper2D.PaperCharacter Name:BP_Enemy4_C_UAID_902E16919801A1B101_1309829452 Label:BP_Enemy41 SpatiallyLoaded:0 Bounds:IsValid=true, Min=(X=-1394.000 Y=947.600 Z=-7809.000), Max=(X=-1340.200 Y=992.400 Z=-7769.000) RuntimeGrid:None EditorOnly:0 RuntimeOnly:0 HLODRelevant:0
 |   |   |- [+] [ 29]
 |   |   |   |- Guid:3F150D2842076D2043DA73BDA43216F4 BaseClass:/Game/Enemies/BP_Enemy1.BP_Enemy1_C NativeClass:/Script/Paper2D.PaperCharacter Name:BP_Enemy1_C_UAID_902E16919801FDB001_1896341561 Label:BP_Enemy5 SpatiallyLoaded:0 Bounds:IsValid=true, Min=(X=3627.000 Y=871.600 Z=-7797.000), Max=(X=3680.800 Y=916.400 Z=-7757.000) RuntimeGrid:None EditorOnly:0 RuntimeOnly:0 HLODRelevant:0
 |   |   |- [+] [ 30]
 |   |   |   |- Guid:2A77225048D5ACA778B6529CF560E98E BaseClass:/Game/Enemies/BP_Enemy1.BP_Enemy1_C NativeClass:/Script/Paper2D.PaperCharacter Name:BP_Enemy1_C_UAID_902E16919801FDB001_1887100559 Label:BP_Enemy3 SpatiallyLoaded:0 Bounds:IsValid=true, Min=(X=3749.000 Y=873.600 Z=-7809.000), Max=(X=3802.800 Y=918.400 Z=-7769.000) RuntimeGrid:None EditorOnly:0 RuntimeOnly:0 HLODRelevant:0
 |   |   |- [+] [ 31]
 |   |   |   |- Guid:C39677EB48BBEAF439D2A1BAA920EC2B BaseClass:/Game/Enemies/BP_Enemy1.BP_Enemy1_C NativeClass:/Script/Paper2D.PaperCharacter Name:BP_Enemy1_C_UAID_902E169198019DB101_2038757732 Label:BP_Enemy28 SpatiallyLoaded:0 Bounds:IsValid=true, Min=(X=583.000 Y=933.600 Z=-7809.000), Max=(X=636.800 Y=978.400 Z=-7769.000) RuntimeGrid:None EditorOnly:0 RuntimeOnly:0 HLODRelevant:0
 |   |   |- [+] [ 32]
 |   |   |   |- Guid:14C334634EB92458C3E6E48F299790D4 BaseClass:/Game/Enemies/BP_Enemy1.BP_Enemy1_C NativeClass:/Script/Paper2D.PaperCharacter Name:BP_Enemy1_C_UAID_902E16919801A0B101_1978046265 Label:BP_Enemy32 SpatiallyLoaded:0 Bounds:IsValid=true, Min=(X=138.000 Y=866.600 Z=-7809.000), Max=(X=191.800 Y=911.400 Z=-7769.000) RuntimeGrid:None EditorOnly:0 RuntimeOnly:0 HLODRelevant:0
 |   |   |- [+] [ 33]
 |   |   |   |- Guid:6F75B9934D530ADA539967BFD6B3D1BB BaseClass:/Game/Enemies/BP_Enemy2.BP_Enemy2_C NativeClass:/Script/Paper2D.PaperCharacter Name:BP_Enemy2_C_UAID_902E1691980197B101_1312734648 Label:BP_Enemy7 SpatiallyLoaded:0 Bounds:IsValid=true, Min=(X=3156.000 Y=965.600 Z=-7809.000), Max=(X=3209.800 Y=1010.400 Z=-7769.000) RuntimeGrid:None EditorOnly:0 RuntimeOnly:0 HLODRelevant:0
 |   |   |- [+] [ 34]
 |   |   |   |- Guid:7E5DB4B941384687CB9FF5B53D2E7C52 BaseClass:/Game/Enemies/BP_Enemy3.BP_Enemy3_C NativeClass:/Script/Paper2D.PaperCharacter Name:BP_Enemy3_C_UAID_902E169198019DB101_1946105722 Label:BP_Enemy18 SpatiallyLoaded:0 Bounds:IsValid=true, Min=(X=2115.000 Y=857.600 Z=-7809.000), Max=(X=2168.800 Y=902.400 Z=-7769.000) RuntimeGrid:None EditorOnly:0 RuntimeOnly:0 HLODRelevant:0
 |   |   |- [+] [ 35]
 |   |   |   |- Guid:7386D8D944D09ABB34D3EEB28CBC88CF BaseClass:/Game/Enemies/BP_Enemy2.BP_Enemy2_C NativeClass:/Script/Paper2D.PaperCharacter Name:BP_Enemy2_C_UAID_902E16919801A1B101_1302833451 Label:BP_Enemy40 SpatiallyLoaded:0 Bounds:IsValid=true, Min=(X=-985.000 Y=970.600 Z=-7809.000), Max=(X=-931.200 Y=1015.400 Z=-7769.000) RuntimeGrid:None EditorOnly:0 RuntimeOnly:0 HLODRelevant:0
 |   |   |- [+] [ 36]
 |   |   |   |- Guid:01025B084C379071105263840924ED1C BaseClass:/Game/Enemies/BP_Enemy4.BP_Enemy4_C NativeClass:/Script/Paper2D.PaperCharacter Name:BP_Enemy4_C_UAID_902E16919801A1B101_1294273449 Label:BP_Enemy38 SpatiallyLoaded:0 Bounds:IsValid=true, Min=(X=-731.000 Y=945.600 Z=-7809.000), Max=(X=-677.200 Y=990.400 Z=-7769.000) RuntimeGrid:None EditorOnly:0 RuntimeOnly:0 HLODRelevant:0
 |   |   |- [+] [ 37]
 |   |   |   |- Guid:7CAB04CC414A194356D805AF72F63AC5 BaseClass: NativeClass:/Script/Engine.BlockingVolume Name:BlockingVolume_UAID_902E1691980160AA01_1698749575 Label:BlockingVolume2 SpatiallyLoaded:1 Bounds:IsValid=true, Min=(X=-10853.000 Y=861.000 Z=-7809.000), Max=(X=9147.000 Y=865.000 Z=-7659.000) RuntimeGrid:None EditorOnly:0 RuntimeOnly:0 HLODRelevant:0
 |   |   |- [+] [ 38]
 |   |   |   |- Guid:6C003562400451238C168086D8B748BA BaseClass:/Game/Enemies/BP_Enemy3.BP_Enemy3_C NativeClass:/Script/Paper2D.PaperCharacter Name:BP_Enemy3_C_UAID_902E16919801A0B101_2002716270 Label:BP_Enemy37 SpatiallyLoaded:0 Bounds:IsValid=true, Min=(X=-424.000 Y=886.600 Z=-7809.000), Max=(X=-370.200 Y=931.400 Z=-7769.000) RuntimeGrid:None EditorOnly:0 RuntimeOnly:0 HLODRelevant:0
 |   |   |- [+] [ 39]
 |   |   |   |- Guid:A4647E9C42C3E77DD08DB1A4DD5EDB9B BaseClass: NativeClass:/Script/Engine.BlockingVolume Name:BlockingVolume_UAID_902E16919801E4B101_1906775203 Label:BlockingVolume6 SpatiallyLoaded:0 Bounds:IsValid=true, Min=(X=2647.355 Y=721.840 Z=-7834.000), Max=(X=2697.355 Y=1021.840 Z=-7584.000) RuntimeGrid:None EditorOnly:0 RuntimeOnly:0 HLODRelevant:0
 |   |   |- [+] [ 40]
 |   |   |   |- Guid:6608302247B337633ED173BA5DAEB588 BaseClass:/Game/Enemies/BP_Enemy1.BP_Enemy1_C NativeClass:/Script/Paper2D.PaperCharacter Name:BP_Enemy1_C_UAID_902E16919801A0B101_1979507266 Label:BP_Enemy33 SpatiallyLoaded:0 Bounds:IsValid=true, Min=(X=75.000 Y=964.600 Z=-7809.000), Max=(X=128.800 Y=1009.400 Z=-7769.000) RuntimeGrid:None EditorOnly:0 RuntimeOnly:0 HLODRelevant:0
 |   |   |- [+] [ 41]
 |   |   |   |- Guid:3B040F474E71B760D91A5F9F6B290E9D BaseClass:/Game/Enemies/BP_Enemy4.BP_Enemy4_C NativeClass:/Script/Paper2D.PaperCharacter Name:BP_Enemy4_C_UAID_902E169198019DB101_2003092728 Label:BP_Enemy24 SpatiallyLoaded:0 Bounds:IsValid=true, Min=(X=1326.000 Y=912.600 Z=-7809.000), Max=(X=1379.800 Y=957.400 Z=-7769.000) RuntimeGrid:None EditorOnly:0 RuntimeOnly:0 HLODRelevant:0
 |   |   |- [+] [ 42]
 |   |   |   |- Guid:A25037E6428456163739FD8B90BBA99B BaseClass: NativeClass:/Script/Paper2D.PaperTileMapActor Name:PaperTileMapActor_UAID_902E16919801F6B001_1824765318 Label:TileSetGrass2 SpatiallyLoaded:1 Bounds:IsValid=true, Min=(X=2708.000 Y=429.000 Z=-7811.000), Max=(X=3548.000 Y=1041.000 Z=-7807.000) RuntimeGrid:None EditorOnly:0 RuntimeOnly:0 HLODRelevant:0
 |   |   |- [+] [ 43]
 |   |   |   |- Guid:B76AD3C345A388C83EA651A742AE3F08 BaseClass:/Game/Enemies/BP_Enemy1.BP_Enemy1_C NativeClass:/Script/Paper2D.PaperCharacter Name:BP_Enemy1_C_UAID_902E169198011DAF01_1948172065 Label:BP_Enemy1 SpatiallyLoaded:0 Bounds:IsValid=true, Min=(X=3848.000 Y=902.600 Z=-7809.000), Max=(X=3901.800 Y=947.400 Z=-7769.000) RuntimeGrid:None EditorOnly:0 RuntimeOnly:0 HLODRelevant:0
 |   |   |- [+] [ 44]
 |   |   |   |- Guid:2D5C727B464A4B8EED6AF7831116B10E BaseClass: NativeClass:/Script/Engine.DirectionalLight Name:DirectionalLight_UAID_902E16919801F2B001_1594163607 Label:DirectionalLight SpatiallyLoaded:0 Bounds:IsValid=true, Min=(X=-4398046511104.000 Y=-4398046511104.000 Z=-4398046511104.000), Max=(X=4398046511104.000 Y=4398046511104.000 Z=4398046511104.000) RuntimeGrid:None EditorOnly:0 RuntimeOnly:0 HLODRelevant:0 FolderPath:Lighting FolderGuid:27DDF48F481B2EC0EA814B9FEEBFA08E
 |   |   |- [+] [ 45]
 |   |   |   |- Guid:E2E322184E2197B7ED9F0BBEAEB8CA03 BaseClass: NativeClass:/Script/Engine.BlockingVolume Name:BlockingVolume_UAID_902E169198018CAD01_1613961493 Label:BlockingVolume4 SpatiallyLoaded:1 Bounds:IsValid=true, Min=(X=-10852.000 Y=1053.000 Z=-7809.000), Max=(X=9148.000 Y=1057.000 Z=-7659.000) RuntimeGrid:None EditorOnly:0 RuntimeOnly:0 HLODRelevant:0
 |   |   |- [+] [ 46]
 |   |   |   |- Guid:88A4970F4E89D1B6984B9FB171654D47 BaseClass:/Game/Enemies/BP_Enemy4.BP_Enemy4_C NativeClass:/Script/Paper2D.PaperCharacter Name:BP_Enemy4_C_UAID_902E16919801A0B101_1996638268 Label:BP_Enemy35 SpatiallyLoaded:0 Bounds:IsValid=true, Min=(X=-221.000 Y=940.600 Z=-7809.000), Max=(X=-167.200 Y=985.400 Z=-7769.000) RuntimeGrid:None EditorOnly:0 RuntimeOnly:0 HLODRelevant:0
 |   |   |- [+] [ 47]
 |   |   |   |- Guid:59C94A7641900E5196BF288AA9474C9A BaseClass:/Game/Enemies/BP_Enemy3.BP_Enemy3_C NativeClass:/Script/Paper2D.PaperCharacter Name:BP_Enemy3_C_UAID_902E16919801A0B101_1988333267 Label:BP_Enemy34 SpatiallyLoaded:0 Bounds:IsValid=true, Min=(X=-61.000 Y=874.600 Z=-7809.000), Max=(X=-7.200 Y=919.400 Z=-7769.000) RuntimeGrid:None EditorOnly:0 RuntimeOnly:0 HLODRelevant:0
 |   |   |- [+] [ 48]
 |   |   |   |- Guid:1662AF8544BA029E80DD198F661799DB BaseClass:/Game/Enemies/BP_Enemy2.BP_Enemy2_C NativeClass:/Script/Paper2D.PaperCharacter Name:BP_Enemy2_C_UAID_902E169198019DB101_1940003720 Label:BP_Enemy16 SpatiallyLoaded:0 Bounds:IsValid=true, Min=(X=2362.000 Y=872.600 Z=-7809.000), Max=(X=2415.800 Y=917.400 Z=-7769.000) RuntimeGrid:None EditorOnly:0 RuntimeOnly:0 HLODRelevant:0
 |   |   |- [+] [ 49]
 |   |   |   |- Guid:17D7EF6745C10AC67307F298EFBD88FE BaseClass: NativeClass:/Script/Engine.StaticMeshActor Name:StaticMeshActor_UAID_902E1691980112A401_1705315516 Label:Plane SpatiallyLoaded:1 Bounds:IsValid=true, Min=(X=-5920.502 Y=729.000 Z=-7809.000), Max=(X=4110.502 Y=1029.000 Z=-7809.000) RuntimeGrid:None EditorOnly:0 RuntimeOnly:0 HLODRelevant:1
 |   |   |- [+] [ 50]
 |   |   |   |- Guid:7F0F25C8458810EE9EFB36AEF8420CD9 BaseClass:/Game/Enemies/BP_Enemy4.BP_Enemy4_C NativeClass:/Script/Paper2D.PaperCharacter Name:BP_Enemy4_C_UAID_902E169198019DB101_1912944712 Label:BP_Enemy9 SpatiallyLoaded:0 Bounds:IsValid=true, Min=(X=1903.000 Y=939.600 Z=-7809.000), Max=(X=1956.800 Y=984.400 Z=-7769.000) RuntimeGrid:None EditorOnly:0 RuntimeOnly:0 HLODRelevant:0
 |   |   |- [+] [ 51]
 |   |   |   |- Guid:7A8310134E420A11730ADAB3792B2744 BaseClass:/Game/Enemies/BP_Enemy3.BP_Enemy3_C NativeClass:/Script/Paper2D.PaperCharacter Name:BP_Enemy3_C_UAID_902E169198019DB101_1943187721 Label:BP_Enemy17 SpatiallyLoaded:0 Bounds:IsValid=true, Min=(X=2123.000 Y=966.600 Z=-7809.000), Max=(X=2176.800 Y=1011.400 Z=-7769.000) RuntimeGrid:None EditorOnly:0 RuntimeOnly:0 HLODRelevant:0
 |   |   |- [+] [ 52]
 |   |   |   |- Guid:7C6712524B12E8E515A7A586998740C0 BaseClass:/Game/Enemies/BP_Enemy2.BP_Enemy2_C NativeClass:/Script/Paper2D.PaperCharacter Name:BP_Enemy2_C_UAID_902E169198019DB101_1991215725 Label:BP_Enemy21 SpatiallyLoaded:0 Bounds:IsValid=true, Min=(X=1555.000 Y=877.600 Z=-7809.000), Max=(X=1608.800 Y=922.400 Z=-7769.000) RuntimeGrid:None EditorOnly:0 RuntimeOnly:0 HLODRelevant:0
 |   |   |- [+] [ 53]
 |   |   |   |- Guid:39028573442F4238F10DF29C3AFABB0E BaseClass: NativeClass:/Script/NavigationSystem.RecastNavMesh Name:RecastNavMesh_UAID_902E16919801E8A601-Default Label:RecastNavMesh-Default SpatiallyLoaded:0 Bounds:IsValid=true, Min=(X=0.000 Y=0.000 Z=0.000), Max=(X=0.000 Y=0.000 Z=0.000) RuntimeGrid:None EditorOnly:0 RuntimeOnly:0 HLODRelevant:0
 |   |   |- [+] [ 54]
 |   |   |   |- Guid:2ECD7BF34B96FCD0E80DB2A97DC4E3E5 BaseClass:/Game/Enemies/BP_Enemy4.BP_Enemy4_C NativeClass:/Script/Paper2D.PaperCharacter Name:BP_Enemy4_C_UAID_902E169198019DB101_2048327734 Label:BP_Enemy30 SpatiallyLoaded:0 Bounds:IsValid=true, Min=(X=377.000 Y=931.600 Z=-7809.000), Max=(X=430.800 Y=976.400 Z=-7769.000) RuntimeGrid:None EditorOnly:0 RuntimeOnly:0 HLODRelevant:0
 |   |   |- [+] [ 55]
 |   |   |   |- Guid:8B80445E47DB24F5CA03638A996849CD BaseClass:/Game/TestausHahmo/BP_Character.BP_Character_C NativeClass:/Script/Paper2D.PaperCharacter Name:BP_Character_C_UAID_902E1691980138A201_1079428087 Label:BP_Character SpatiallyLoaded:1 Bounds:IsValid=true, Min=(X=4079.000 Y=896.000 Z=-7810.000), Max=(X=4132.000 Y=936.000 Z=-7770.000) RuntimeGrid:None EditorOnly:0 RuntimeOnly:0 HLODRelevant:0
 |   |   |- [+] [ 56]
 |   |   |   |- Guid:60B207674F7FA6C41F2116AA5D2F98D8 BaseClass:/Game/Enemies/BP_Enemy1.BP_Enemy1_C NativeClass:/Script/Paper2D.PaperCharacter Name:BP_Enemy1_C_UAID_902E1691980197B101_1856072652 Label:BP_Enemy11 SpatiallyLoaded:0 Bounds:IsValid=true, Min=(X=3275.000 Y=958.600 Z=-7809.000), Max=(X=3328.800 Y=1003.400 Z=-7769.000) RuntimeGrid:None EditorOnly:0 RuntimeOnly:0 HLODRelevant:0
 |   |   |- [+] [ 57]
 |   |   |   |- Guid:656C5DE24F3C7EC43FB77A939C57FC06 BaseClass: NativeClass:/Script/Paper2D.PaperTileMapActor Name:PaperTileMapActor_UAID_902E16919801F6B001_2048804320 Label:TileSetGrass3 SpatiallyLoaded:1 Bounds:IsValid=true, Min=(X=1868.000 Y=429.000 Z=-7811.000), Max=(X=2708.000 Y=1041.000 Z=-7807.000) RuntimeGrid:None EditorOnly:0 RuntimeOnly:0 HLODRelevant:0
 |   |   |- [+] [ 58]
 |   |   |   |- Guid:2B6FB7D64F1A4EBCA83DC197EADEE780 BaseClass: NativeClass:/Script/Paper2D.PaperTileMapActor Name:PaperTileMapActor_UAID_902E169198019EB101_1124801911 Label:TileSet_Tiles1 SpatiallyLoaded:1 Bounds:IsValid=true, Min=(X=-595.000 Y=428.000 Z=-7811.000), Max=(X=245.000 Y=1040.000 Z=-7807.000) RuntimeGrid:None EditorOnly:0 RuntimeOnly:0 HLODRelevant:0
 |   |   |- [+] [ 59]
 |   |   |   |- Guid:03057698408DEFBB46F833BBC261A761 BaseClass: NativeClass:/Script/Paper2D.PaperTileMapActor Name:PaperTileMapActor_UAID_902E16919801F6B001_1854195319 Label:TileSetGrass1 SpatiallyLoaded:1 Bounds:IsValid=true, Min=(X=3546.000 Y=429.000 Z=-7811.000), Max=(X=4386.000 Y=1041.000 Z=-7807.000) RuntimeGrid:None EditorOnly:0 RuntimeOnly:0 HLODRelevant:0
 |   |   |- [+] [ 60]
 |   |   |   |- Guid:3AB262FE4A88F6F630B5BD90D8123868 BaseClass:/Game/Enemies/BP_Enemy1.BP_Enemy1_C NativeClass:/Script/Paper2D.PaperCharacter Name:BP_Enemy1_C_UAID_902E16919801A1B101_1315611454 Label:BP_Enemy43 SpatiallyLoaded:0 Bounds:IsValid=true, Min=(X=-1138.000 Y=896.600 Z=-7809.000), Max=(X=-1084.200 Y=941.400 Z=-7769.000) RuntimeGrid:None EditorOnly:0 RuntimeOnly:0 HLODRelevant:0
 |   |   |- [+] [ 61]
 |   |   |   |- Guid:DE8162A94ED3491F7178E1896B1A091D BaseClass:/Game/Enemies/BP_Enemy3.BP_Enemy3_C NativeClass:/Script/Paper2D.PaperCharacter Name:BP_Enemy3_C_UAID_902E169198019DB101_1996700726 Label:BP_Enemy22 SpatiallyLoaded:0 Bounds:IsValid=true, Min=(X=1104.000 Y=925.600 Z=-7809.000), Max=(X=1157.800 Y=970.400 Z=-7769.000) RuntimeGrid:None EditorOnly:0 RuntimeOnly:0 HLODRelevant:0
 |   |   |- [+] [ 62]
 |   |   |   |- Guid:B603194A4D0E9AC615843EA0A99BD577 BaseClass:/Game/Enemies/BP_Enemy2.BP_Enemy2_C NativeClass:/Script/Paper2D.PaperCharacter Name:BP_Enemy2_C_UAID_902E1691980197B101_1317692649 Label:BP_Enemy8 SpatiallyLoaded:0 Bounds:IsValid=true, Min=(X=2962.000 Y=918.600 Z=-7809.000), Max=(X=3015.800 Y=963.400 Z=-7769.000) RuntimeGrid:None EditorOnly:0 RuntimeOnly:0 HLODRelevant:0
 |- ContainerInstances:
 |- [+] MainContainer:
 |   |-        ID: 0x0000000000000000
 |   |-    Bounds: IsValid=true, Min=(X=-10853.000 Y=428.000 Z=-7812.000), Max=(X=9148.000 Y=1268.000 Z=-7509.000)
 |   |- Transform: 0.000000,0.000000,0.000000|0.000000,0.000000,-0.000000|1.000000,1.000000,1.000000
 |   |- Container: /Game/TestausTaso/Testaus
----------------------------------------------------------------------------------------------------------------
Testaus - Persistent Level
----------------------------------------------------------------------------------------------------------------
Always loaded Actor Count: 71 

----------------------------------------------------------------------------------------------------------------
Testaus - Runtime Spatial Hash - Streaming Grid - MainGrid
----------------------------------------------------------------------------------------------------------------
            Origin: X=0.000 Y=0.000 Z=0.000
         Cell Size: 25600
      World Bounds: IsValid=true, Min=(X=-10853.000 Y=428.000 Z=-7812.000), Max=(X=9148.000 Y=1268.000 Z=-7509.000)
     Loading Range: 76800.00
Block Slow Loading: No
 ClientOnlyVisible: No

[+] Grid Levels: 2
 |- Level  0: Cell Count    2 | Cell Size   25600 | Actor Count    9 (100.0%)
 |- Level  1: Cell Count    0 | Cell Size   51200 | Actor Count    0 (0.0%)

[+] Content of Grid Level 0
 |- [+] Content of Cell MainGrid_L0_X-1_Y0
 |   |- Actor Count: 2
 |   |- Actor Path: /Game/TestausTaso/Testaus.Testaus:PersistentLevel.BlockingVolume_UAID_902E16919801A0B101_2023573271
 |   |- Actor Package: /Game/__ExternalActors__/TestausTaso/Testaus/0/BF/7JXXJFQBQYJZE1AHF6TFKA
 |   |- Actor Path: /Game/TestausTaso/Testaus.Testaus:PersistentLevel.PaperTileMapActor_UAID_902E16919801A1B101_1095671448
 |   |- Actor Package: /Game/__ExternalActors__/TestausTaso/Testaus/1/MA/ANITY82XDZHSRFQJI2L6PM
 |- [+] Content of Cell MainGrid_L0_X0_Y0
 |   |- Actor Count: 7
 |   |- Actor Path: /Game/TestausTaso/Testaus.Testaus:PersistentLevel.PaperTileMapActor_UAID_902E16919801FAB001_1827039026
 |   |- Actor Package: /Game/__ExternalActors__/TestausTaso/Testaus/1/5B/QGK48A8P8S0TRHHKDF1K9N
 |   |- Actor Path: /Game/TestausTaso/Testaus.Testaus:PersistentLevel.PaperTileMapActor_UAID_902E16919801FAB001_1745584025
 |   |- Actor Package: /Game/__ExternalActors__/TestausTaso/Testaus/2/I5/J6RARSMC9WFGODE8GFWXKH
 |   |- Actor Path: /Game/TestausTaso/Testaus.Testaus:PersistentLevel.BlockingVolume_UAID_902E169198011DAF01_2023337066
 |   |- Actor Package: /Game/__ExternalActors__/TestausTaso/Testaus/4/CJ/L1TMNN8T8O9RNAX4GQ64V7
 |   |- Actor Path: /Game/TestausTaso/Testaus.Testaus:PersistentLevel.PaperTileMapActor_UAID_902E16919801F6B001_1824765318
 |   |- Actor Package: /Game/__ExternalActors__/TestausTaso/Testaus/9/L0/SP9KD9JCUNGYY01T68IXNF
 |   |- Actor Path: /Game/TestausTaso/Testaus.Testaus:PersistentLevel.BP_Character_C_UAID_902E1691980138A201_1079428087
 |   |- Actor Package: /Game/__ExternalActors__/TestausTaso/Testaus/C/WM/7KRHCY006X9XJX0JTB7KWB
 |   |- Actor Path: /Game/TestausTaso/Testaus.Testaus:PersistentLevel.PaperTileMapActor_UAID_902E16919801F6B001_2048804320
 |   |- Actor Package: /Game/__ExternalActors__/TestausTaso/Testaus/D/XZ/PN2ZB2VIRL776FT2DJP4N1
 |   |- Actor Path: /Game/TestausTaso/Testaus.Testaus:PersistentLevel.PaperTileMapActor_UAID_902E16919801F6B001_1854195319
 |   |- Actor Package: /Game/__ExternalActors__/TestausTaso/Testaus/E/AF/326L7HI5OP58AMO112Z36L
[+] Content of Grid Level 1

