[+] Containers:
 |- [+] Container: /Game/TestausTaso/Testaus
 |   |- [+] ActorDescs:
 |   |   |- Guid:17D7EF6745C10AC67307F298EFBD88FE BaseClass: NativeClass:/Script/Engine.StaticMeshActor Name:StaticMeshActor_UAID_902E1691980112A401_1705315516 Label:Plane SpatiallyLoaded:1 Bounds:IsValid=true, Min=(X=-5905.000 Y=794.000 Z=-7809.000), Max=(X=4095.000 Y=894.000 Z=-7809.000) RuntimeGrid:None EditorOnly:0 RuntimeOnly:0 HLODRelevant:1
 |   |   |- Guid:275D5D6E47F711D824371EA3C5471B7C BaseClass: NativeClass:/Script/Engine.StaticMeshActor Name:StaticMeshActor_UAID_902E1691980162AA01_1156457022 Label:Cube8 SpatiallyLoaded:1 Bounds:IsValid=true, Min=(X=-4282.000 Y=856.000 Z=-7879.500), Max=(X=-4232.000 Y=1006.000 Z=-7754.500) RuntimeGrid:None EditorOnly:0 RuntimeOnly:0 HLODRelevant:1
 |   |   |- Guid:39028573442F4238F10DF29C3AFABB0E BaseClass: NativeClass:/Script/NavigationSystem.RecastNavMesh Name:RecastNavMesh_UAID_902E16919801E8A601-Default Label:RecastNavMesh-Default SpatiallyLoaded:0 Bounds:IsValid=true, Min=(X=0.000 Y=0.000 Z=0.000), Max=(X=0.000 Y=0.000 Z=0.000) RuntimeGrid:None EditorOnly:0 RuntimeOnly:0 HLODRelevant:0
 |   |   |- Guid:39C190A248F0C003A45C7EBAE322DC7D BaseClass: NativeClass:/Script/Engine.StaticMeshActor Name:StaticMeshActor_UAID_902E1691980162AA01_1075742016 Label:Cube2 SpatiallyLoaded:1 Bounds:IsValid=true, Min=(X=-5293.000 Y=625.000 Z=-7887.500), Max=(X=-5243.000 Y=775.000 Z=-7762.500) RuntimeGrid:None EditorOnly:0 RuntimeOnly:0 HLODRelevant:1
 |   |   |- Guid:5368FABB47D6D9580DAECA8B0417BF92 BaseClass: NativeClass:/Script/Engine.WorldDataLayers Name:WorldDataLayers Label:WorldDataLayers-1 SpatiallyLoaded:0 Bounds:IsValid=true, Min=(X=0.000 Y=0.000 Z=0.000), Max=(X=0.000 Y=0.000 Z=0.000) RuntimeGrid:None EditorOnly:0 RuntimeOnly:0 HLODRelevant:0
 |   |   |- Guid:666317A94E70A5FBCE5AC991272A716A BaseClass: NativeClass:/Script/Engine.StaticMeshActor Name:StaticMeshActor_UAID_902E1691980162AA01_1096390017 Label:Cube3 SpatiallyLoaded:1 Bounds:IsValid=true, Min=(X=-5292.000 Y=842.000 Z=-7879.500), Max=(X=-5242.000 Y=1042.000 Z=-7754.500) RuntimeGrid:None EditorOnly:0 RuntimeOnly:0 HLODRelevant:1
 |   |   |- Guid:7230F67F4BCAE6AFB5669795BF28D8B7 BaseClass:/Game/Enemies/BP_Enemy1.BP_Enemy1_C NativeClass:/Script/Paper2D.PaperCharacter Name:BP_Enemy1_C_UAID_902E1691980160AA01_1998387579 Label:BP_Enemy1 SpatiallyLoaded:1 Bounds:IsValid=true, Min=(X=-5836.250 Y=848.500 Z=-7810.200), Max=(X=-5814.100 Y=864.500 Z=-7787.800) RuntimeGrid:None EditorOnly:0 RuntimeOnly:0 HLODRelevant:0
 |   |   |- Guid:7CAB04CC414A194356D805AF72F63AC5 BaseClass: NativeClass:/Script/Engine.BlockingVolume Name:BlockingVolume_UAID_902E1691980160AA01_1698749575 Label:BlockingVolume2 SpatiallyLoaded:1 Bounds:IsValid=true, Min=(X=-5753.000 Y=653.000 Z=-7809.000), Max=(X=4047.000 Y=657.000 Z=-7659.000) RuntimeGrid:None EditorOnly:0 RuntimeOnly:0 HLODRelevant:0
 |   |   |- Guid:7FF3577843523077F71DD7B43410F052 BaseClass: NativeClass:/Script/Engine.StaticMeshActor Name:StaticMeshActor_UAID_902E1691980162AA01_1128904021 Label:Cube7 SpatiallyLoaded:1 Bounds:IsValid=true, Min=(X=-4283.000 Y=672.000 Z=-7883.500), Max=(X=-4233.000 Y=822.000 Z=-7758.500) RuntimeGrid:None EditorOnly:0 RuntimeOnly:0 HLODRelevant:1
 |   |   |- Guid:8B80445E47DB24F5CA03638A996849CD BaseClass:/Game/TestausHahmo/BP_Character.BP_Character_C NativeClass:/Script/Paper2D.PaperCharacter Name:BP_Character_C_UAID_902E1691980138A201_1079428087 Label:BP_Character SpatiallyLoaded:1 Bounds:IsValid=true, Min=(X=-5887.000 Y=857.000 Z=-7801.000), Max=(X=-5865.600 Y=873.000 Z=-7783.500) RuntimeGrid:None EditorOnly:0 RuntimeOnly:0 HLODRelevant:0
 |   |   |- Guid:93F2BB6845151D3D17CA9C93CC8FDB93 BaseClass: NativeClass:/Script/Engine.StaticMeshActor Name:StaticMeshActor_UAID_902E1691980162AA01_1121308020 Label:Cube6 SpatiallyLoaded:1 Bounds:IsValid=true, Min=(X=-4624.000 Y=831.000 Z=-7867.500), Max=(X=-4574.000 Y=1031.000 Z=-7742.500) RuntimeGrid:None EditorOnly:0 RuntimeOnly:0 HLODRelevant:1
 |   |   |- Guid:97997FA04EEA24EDA7ECE292607B9E01 BaseClass: NativeClass:/Script/Engine.StaticMeshActor Name:StaticMeshActor_UAID_902E1691980161AA01_2040590839 Label:Cube SpatiallyLoaded:1 Bounds:IsValid=true, Min=(X=-5482.500 Y=841.000 Z=-7881.500), Max=(X=-5457.500 Y=891.000 Z=-7756.500) RuntimeGrid:None EditorOnly:0 RuntimeOnly:0 HLODRelevant:1
 |   |   |- Guid:97CCCE7E4EF87DDD795A968DF7E2630E BaseClass: NativeClass:/Script/Engine.StaticMeshActor Name:StaticMeshActor_UAID_902E1691980162AA01_1103134019 Label:Cube5 SpatiallyLoaded:1 Bounds:IsValid=true, Min=(X=-4978.000 Y=830.000 Z=-7888.500), Max=(X=-4928.000 Y=1030.000 Z=-7763.500) RuntimeGrid:None EditorOnly:0 RuntimeOnly:0 HLODRelevant:1
 |   |   |- Guid:A5E2B35F44C45B1C56338DB3137883E0 BaseClass: NativeClass:/Script/Engine.BlockingVolume Name:BlockingVolume_UAID_902E169198017DAD01_1699119847 Label:BlockingVolume3 SpatiallyLoaded:1 Bounds:IsValid=true, Min=(X=-5292.000 Y=767.000 Z=-7809.000), Max=(X=-5242.000 Y=867.000 Z=-7559.000) RuntimeGrid:None EditorOnly:0 RuntimeOnly:0 HLODRelevant:0
 |   |   |- Guid:A9A279874EF721DE2C78FCA4CA382594 BaseClass: NativeClass:/Script/NavigationSystem.NavMeshBoundsVolume Name:NavMeshBoundsVolume_UAID_902E16919801E8A601_1224383288 Label:NavMeshBoundsVolume SpatiallyLoaded:0 Bounds:IsValid=true, Min=(X=-6056.010 Y=173.191 Z=-8334.000), Max=(X=4193.990 Y=1423.191 Z=-7284.000) RuntimeGrid:None EditorOnly:0 RuntimeOnly:0 HLODRelevant:0
 |   |   |- Guid:B053222C429A73AC9ADD219D8077828B BaseClass: NativeClass:/Script/Engine.BlockingVolume Name:BlockingVolume_UAID_902E1691980114A401_1210356872 Label:BlockingVolume SpatiallyLoaded:1 Bounds:IsValid=true, Min=(X=-5754.000 Y=1035.000 Z=-7778.000), Max=(X=4046.000 Y=1039.000 Z=-7628.000) RuntimeGrid:None EditorOnly:0 RuntimeOnly:0 HLODRelevant:0
 |   |   |- Guid:D3FB7383421AAEFD3DB6F8B1E415A9FE BaseClass: NativeClass:/Script/Engine.ExponentialHeightFog Name:ExponentialHeightFog_UAID_A85E45CFE40401D200_1470382763 Label:ExponentialHeightFog SpatiallyLoaded:0 Bounds:IsValid=true, Min=(X=-5600.000 Y=-50.000 Z=-6850.000), Max=(X=-5600.000 Y=-50.000 Z=-6850.000) RuntimeGrid:None EditorOnly:0 RuntimeOnly:0 HLODRelevant:0 FolderPath:Lighting FolderGuid:B7E9BD5B45A652654791988DEF54CCEB
 |   |   |- Guid:E343682741D41B06D94F49928B6D8371 BaseClass: NativeClass:/Script/Engine.StaticMeshActor Name:StaticMeshActor_UAID_902E1691980162AA01_1100503018 Label:Cube4 SpatiallyLoaded:1 Bounds:IsValid=true, Min=(X=-4979.000 Y=904.000 Z=-7834.500), Max=(X=-4929.000 Y=954.000 Z=-7709.500) RuntimeGrid:None EditorOnly:0 RuntimeOnly:0 HLODRelevant:1
 |   |- [+] Clusters:
 |   |   |- [+] [  0]
 |   |   |   |- Guid:97997FA04EEA24EDA7ECE292607B9E01 BaseClass: NativeClass:/Script/Engine.StaticMeshActor Name:StaticMeshActor_UAID_902E1691980161AA01_2040590839 Label:Cube SpatiallyLoaded:1 Bounds:IsValid=true, Min=(X=-5482.500 Y=841.000 Z=-7881.500), Max=(X=-5457.500 Y=891.000 Z=-7756.500) RuntimeGrid:None EditorOnly:0 RuntimeOnly:0 HLODRelevant:1
 |   |   |- [+] [  1]
 |   |   |   |- Guid:275D5D6E47F711D824371EA3C5471B7C BaseClass: NativeClass:/Script/Engine.StaticMeshActor Name:StaticMeshActor_UAID_902E1691980162AA01_1156457022 Label:Cube8 SpatiallyLoaded:1 Bounds:IsValid=true, Min=(X=-4282.000 Y=856.000 Z=-7879.500), Max=(X=-4232.000 Y=1006.000 Z=-7754.500) RuntimeGrid:None EditorOnly:0 RuntimeOnly:0 HLODRelevant:1
 |   |   |- [+] [  2]
 |   |   |   |- Guid:39C190A248F0C003A45C7EBAE322DC7D BaseClass: NativeClass:/Script/Engine.StaticMeshActor Name:StaticMeshActor_UAID_902E1691980162AA01_1075742016 Label:Cube2 SpatiallyLoaded:1 Bounds:IsValid=true, Min=(X=-5293.000 Y=625.000 Z=-7887.500), Max=(X=-5243.000 Y=775.000 Z=-7762.500) RuntimeGrid:None EditorOnly:0 RuntimeOnly:0 HLODRelevant:1
 |   |   |- [+] [  3]
 |   |   |   |- Guid:D3FB7383421AAEFD3DB6F8B1E415A9FE BaseClass: NativeClass:/Script/Engine.ExponentialHeightFog Name:ExponentialHeightFog_UAID_A85E45CFE40401D200_1470382763 Label:ExponentialHeightFog SpatiallyLoaded:0 Bounds:IsValid=true, Min=(X=-5600.000 Y=-50.000 Z=-6850.000), Max=(X=-5600.000 Y=-50.000 Z=-6850.000) RuntimeGrid:None EditorOnly:0 RuntimeOnly:0 HLODRelevant:0 FolderPath:Lighting FolderGuid:B7E9BD5B45A652654791988DEF54CCEB
 |   |   |- [+] [  4]
 |   |   |   |- Guid:A9A279874EF721DE2C78FCA4CA382594 BaseClass: NativeClass:/Script/NavigationSystem.NavMeshBoundsVolume Name:NavMeshBoundsVolume_UAID_902E16919801E8A601_1224383288 Label:NavMeshBoundsVolume SpatiallyLoaded:0 Bounds:IsValid=true, Min=(X=-6056.010 Y=173.191 Z=-8334.000), Max=(X=4193.990 Y=1423.191 Z=-7284.000) RuntimeGrid:None EditorOnly:0 RuntimeOnly:0 HLODRelevant:0
 |   |   |- [+] [  5]
 |   |   |   |- Guid:666317A94E70A5FBCE5AC991272A716A BaseClass: NativeClass:/Script/Engine.StaticMeshActor Name:StaticMeshActor_UAID_902E1691980162AA01_1096390017 Label:Cube3 SpatiallyLoaded:1 Bounds:IsValid=true, Min=(X=-5292.000 Y=842.000 Z=-7879.500), Max=(X=-5242.000 Y=1042.000 Z=-7754.500) RuntimeGrid:None EditorOnly:0 RuntimeOnly:0 HLODRelevant:1
 |   |   |- [+] [  6]
 |   |   |   |- Guid:5368FABB47D6D9580DAECA8B0417BF92 BaseClass: NativeClass:/Script/Engine.WorldDataLayers Name:WorldDataLayers Label:WorldDataLayers-1 SpatiallyLoaded:0 Bounds:IsValid=true, Min=(X=0.000 Y=0.000 Z=0.000), Max=(X=0.000 Y=0.000 Z=0.000) RuntimeGrid:None EditorOnly:0 RuntimeOnly:0 HLODRelevant:0
 |   |   |- [+] [  7]
 |   |   |   |- Guid:7FF3577843523077F71DD7B43410F052 BaseClass: NativeClass:/Script/Engine.StaticMeshActor Name:StaticMeshActor_UAID_902E1691980162AA01_1128904021 Label:Cube7 SpatiallyLoaded:1 Bounds:IsValid=true, Min=(X=-4283.000 Y=672.000 Z=-7883.500), Max=(X=-4233.000 Y=822.000 Z=-7758.500) RuntimeGrid:None EditorOnly:0 RuntimeOnly:0 HLODRelevant:1
 |   |   |- [+] [  8]
 |   |   |   |- Guid:97CCCE7E4EF87DDD795A968DF7E2630E BaseClass: NativeClass:/Script/Engine.StaticMeshActor Name:StaticMeshActor_UAID_902E1691980162AA01_1103134019 Label:Cube5 SpatiallyLoaded:1 Bounds:IsValid=true, Min=(X=-4978.000 Y=830.000 Z=-7888.500), Max=(X=-4928.000 Y=1030.000 Z=-7763.500) RuntimeGrid:None EditorOnly:0 RuntimeOnly:0 HLODRelevant:1
 |   |   |- [+] [  9]
 |   |   |   |- Guid:E343682741D41B06D94F49928B6D8371 BaseClass: NativeClass:/Script/Engine.StaticMeshActor Name:StaticMeshActor_UAID_902E1691980162AA01_1100503018 Label:Cube4 SpatiallyLoaded:1 Bounds:IsValid=true, Min=(X=-4979.000 Y=904.000 Z=-7834.500), Max=(X=-4929.000 Y=954.000 Z=-7709.500) RuntimeGrid:None EditorOnly:0 RuntimeOnly:0 HLODRelevant:1
 |   |   |- [+] [ 10]
 |   |   |   |- Guid:7CAB04CC414A194356D805AF72F63AC5 BaseClass: NativeClass:/Script/Engine.BlockingVolume Name:BlockingVolume_UAID_902E1691980160AA01_1698749575 Label:BlockingVolume2 SpatiallyLoaded:1 Bounds:IsValid=true, Min=(X=-5753.000 Y=653.000 Z=-7809.000), Max=(X=4047.000 Y=657.000 Z=-7659.000) RuntimeGrid:None EditorOnly:0 RuntimeOnly:0 HLODRelevant:0
 |   |   |- [+] [ 11]
 |   |   |   |- Guid:17D7EF6745C10AC67307F298EFBD88FE BaseClass: NativeClass:/Script/Engine.StaticMeshActor Name:StaticMeshActor_UAID_902E1691980112A401_1705315516 Label:Plane SpatiallyLoaded:1 Bounds:IsValid=true, Min=(X=-5905.000 Y=794.000 Z=-7809.000), Max=(X=4095.000 Y=894.000 Z=-7809.000) RuntimeGrid:None EditorOnly:0 RuntimeOnly:0 HLODRelevant:1
 |   |   |- [+] [ 12]
 |   |   |   |- Guid:93F2BB6845151D3D17CA9C93CC8FDB93 BaseClass: NativeClass:/Script/Engine.StaticMeshActor Name:StaticMeshActor_UAID_902E1691980162AA01_1121308020 Label:Cube6 SpatiallyLoaded:1 Bounds:IsValid=true, Min=(X=-4624.000 Y=831.000 Z=-7867.500), Max=(X=-4574.000 Y=1031.000 Z=-7742.500) RuntimeGrid:None EditorOnly:0 RuntimeOnly:0 HLODRelevant:1
 |   |   |- [+] [ 13]
 |   |   |   |- Guid:39028573442F4238F10DF29C3AFABB0E BaseClass: NativeClass:/Script/NavigationSystem.RecastNavMesh Name:RecastNavMesh_UAID_902E16919801E8A601-Default Label:RecastNavMesh-Default SpatiallyLoaded:0 Bounds:IsValid=true, Min=(X=0.000 Y=0.000 Z=0.000), Max=(X=0.000 Y=0.000 Z=0.000) RuntimeGrid:None EditorOnly:0 RuntimeOnly:0 HLODRelevant:0
 |   |   |- [+] [ 14]
 |   |   |   |- Guid:8B80445E47DB24F5CA03638A996849CD BaseClass:/Game/TestausHahmo/BP_Character.BP_Character_C NativeClass:/Script/Paper2D.PaperCharacter Name:BP_Character_C_UAID_902E1691980138A201_1079428087 Label:BP_Character SpatiallyLoaded:1 Bounds:IsValid=true, Min=(X=-5887.000 Y=857.000 Z=-7801.000), Max=(X=-5865.600 Y=873.000 Z=-7783.500) RuntimeGrid:None EditorOnly:0 RuntimeOnly:0 HLODRelevant:0
 |   |   |- [+] [ 15]
 |   |   |   |- Guid:7230F67F4BCAE6AFB5669795BF28D8B7 BaseClass:/Game/Enemies/BP_Enemy1.BP_Enemy1_C NativeClass:/Script/Paper2D.PaperCharacter Name:BP_Enemy1_C_UAID_902E1691980160AA01_1998387579 Label:BP_Enemy1 SpatiallyLoaded:1 Bounds:IsValid=true, Min=(X=-5836.250 Y=848.500 Z=-7810.200), Max=(X=-5814.100 Y=864.500 Z=-7787.800) RuntimeGrid:None EditorOnly:0 RuntimeOnly:0 HLODRelevant:0
 |   |   |- [+] [ 16]
 |   |   |   |- Guid:B053222C429A73AC9ADD219D8077828B BaseClass: NativeClass:/Script/Engine.BlockingVolume Name:BlockingVolume_UAID_902E1691980114A401_1210356872 Label:BlockingVolume SpatiallyLoaded:1 Bounds:IsValid=true, Min=(X=-5754.000 Y=1035.000 Z=-7778.000), Max=(X=4046.000 Y=1039.000 Z=-7628.000) RuntimeGrid:None EditorOnly:0 RuntimeOnly:0 HLODRelevant:0
 |   |   |- [+] [ 17]
 |   |   |   |- Guid:A5E2B35F44C45B1C56338DB3137883E0 BaseClass: NativeClass:/Script/Engine.BlockingVolume Name:BlockingVolume_UAID_902E169198017DAD01_1699119847 Label:BlockingVolume3 SpatiallyLoaded:1 Bounds:IsValid=true, Min=(X=-5292.000 Y=767.000 Z=-7809.000), Max=(X=-5242.000 Y=867.000 Z=-7559.000) RuntimeGrid:None EditorOnly:0 RuntimeOnly:0 HLODRelevant:0
 |- ContainerInstances:
 |- [+] MainContainer:
 |   |-        ID: 0x0000000000000000
 |   |-    Bounds: IsValid=true, Min=(X=-5905.000 Y=625.000 Z=-7888.500), Max=(X=4095.000 Y=1042.000 Z=-7628.000)
 |   |- Transform: 0.000000,0.000000,0.000000|0.000000,0.000000,-0.000000|1.000000,1.000000,1.000000
 |   |- Container: /Game/TestausTaso/Testaus
----------------------------------------------------------------------------------------------------------------
Testaus - Persistent Level
----------------------------------------------------------------------------------------------------------------
Always loaded Actor Count: 28 

----------------------------------------------------------------------------------------------------------------
Testaus - Runtime Spatial Hash - Streaming Grid - MainGrid
----------------------------------------------------------------------------------------------------------------
            Origin: X=0.000 Y=0.000 Z=0.000
         Cell Size: 25600
      World Bounds: IsValid=true, Min=(X=-5905.000 Y=625.000 Z=-7888.500), Max=(X=4095.000 Y=1042.000 Z=-7628.000)
     Loading Range: 76800.00
Block Slow Loading: No
 ClientOnlyVisible: No

[+] Grid Levels: 2
 |- Level  0: Cell Count    1 | Cell Size   25600 | Actor Count   10 (100.0%)
 |- Level  1: Cell Count    0 | Cell Size   51200 | Actor Count    0 (0.0%)

[+] Content of Grid Level 0
 |- [+] Content of Cell MainGrid_L0_X-1_Y0
 |   |- Actor Count: 10
 |   |- Actor Path: /Game/TestausTaso/Testaus.Testaus:PersistentLevel.StaticMeshActor_UAID_902E1691980161AA01_2040590839
 |   |- Actor Package: /Game/__ExternalActors__/TestausTaso/Testaus/0/TS/OC67S2Y4Q3LHR5WC230HGU
 |   |- Actor Path: /Game/TestausTaso/Testaus.Testaus:PersistentLevel.StaticMeshActor_UAID_902E1691980162AA01_1156457022
 |   |- Actor Package: /Game/__ExternalActors__/TestausTaso/Testaus/1/CA/GCO0U5EZN1UMS5T5TL1C2F
 |   |- Actor Path: /Game/TestausTaso/Testaus.Testaus:PersistentLevel.StaticMeshActor_UAID_902E1691980162AA01_1075742016
 |   |- Actor Package: /Game/__ExternalActors__/TestausTaso/Testaus/1/I9/NHS17VHY7ND55MJO8F1AMJ
 |   |- Actor Path: /Game/TestausTaso/Testaus.Testaus:PersistentLevel.StaticMeshActor_UAID_902E1691980162AA01_1096390017
 |   |- Actor Package: /Game/__ExternalActors__/TestausTaso/Testaus/4/MI/OFL6Z6KKLYUQA0F8O3SR2W
 |   |- Actor Path: /Game/TestausTaso/Testaus.Testaus:PersistentLevel.StaticMeshActor_UAID_902E1691980162AA01_1128904021
 |   |- Actor Package: /Game/__ExternalActors__/TestausTaso/Testaus/6/Z5/RIS3QJ00VPLJP7T1QT7FIC
 |   |- Actor Path: /Game/TestausTaso/Testaus.Testaus:PersistentLevel.StaticMeshActor_UAID_902E1691980162AA01_1103134019
 |   |- Actor Package: /Game/__ExternalActors__/TestausTaso/Testaus/8/9V/KN2UK499391USO4NTRMTKS
 |   |- Actor Path: /Game/TestausTaso/Testaus.Testaus:PersistentLevel.StaticMeshActor_UAID_902E1691980162AA01_1100503018
 |   |- Actor Package: /Game/__ExternalActors__/TestausTaso/Testaus/8/BP/HW74J3EM7AJV2UQYBKF76E
 |   |- Actor Path: /Game/TestausTaso/Testaus.Testaus:PersistentLevel.StaticMeshActor_UAID_902E1691980162AA01_1121308020
 |   |- Actor Package: /Game/__ExternalActors__/TestausTaso/Testaus/C/1Q/PM5U1T05GE055GX5009A2R
 |   |- Actor Path: /Game/TestausTaso/Testaus.Testaus:PersistentLevel.BP_Character_C_UAID_902E1691980138A201_1079428087
 |   |- Actor Package: /Game/__ExternalActors__/TestausTaso/Testaus/C/WM/7KRHCY006X9XJX0JTB7KWB
 |   |- Actor Path: /Game/TestausTaso/Testaus.Testaus:PersistentLevel.BP_Enemy1_C_UAID_902E1691980160AA01_1998387579
 |   |- Actor Package: /Game/__ExternalActors__/TestausTaso/Testaus/E/19/A1369W5MH6CI2OQDU1NA0C
[+] Content of Grid Level 1

